[Licensing::Module] Trying to connect to existing licensing client channel...
Built from '6000.5/staging' branch; Version is '6000.5.3f1 (c2eb47b3a2a9) revision 12774215'; Using compiler version '194234433'; Build Type 'Release'
[Licensing::IpcConnector] Successfully connected to: "LicenseClient-SANDERB7" at "2026-07-16T18:23:23.1670643Z"
OS: 'Windows 11  (10.0.26200) Enterprise' Language: 'en' Physical Memory: 65206 MB
BatchMode: 1, IsHumanControllingUs: 0, StartBugReporterOnCrash: 0, Is64bit: 1
System  architecture: x64
Process architecture: x64
Date: 2026-07-16T18:23:23Z

COMMAND LINE ARGUMENTS:
C:\Program Files\Unity\Hub\Editor\6000.5.3f1\Editor\Unity.exe
-adb2
-batchMode
-noUpm
-name
AssetImportWorkerHW2
-projectPath
C:/GITHUBProjects/VCL_V6
-logFile
Logs/AssetImportWorkerHW2.log
-srvPort
63037
-parentPid
46948
-analyticsCloudUserId
2883364
-analyticsLocalProjectId
b27a388b2607ec042bc1fa828b8222d5
-licensingIpc
LicenseClient-SANDERB7
-noDiagnosticSwitchPersistentStore
-job-worker-count
9
-background-job-worker-count
8
-asset-garbage-collectors
1
-force-d3d12
-name
AssetImport
Successfully changed project path to: C:/GITHUBProjects/VCL_V6
C:/GITHUBProjects/VCL_V6
[UnityMemory] Configuration Parameters - Can be set up in boot.config
    "memorysetup-temp-allocator-size-gi-baking-worker=262144"
    "memorysetup-temp-allocator-size-gi-baking-worker=262144"
    "memorysetup-temp-allocator-size-gi-baking-worker=262144"
    "memorysetup-temp-allocator-size-gi-baking-worker=262144"
    "memorysetup-temp-allocator-size-gi-baking-worker=262144"
    "memorysetup-temp-allocator-size-nav-mesh-worker=65536"
    "memorysetup-temp-allocator-size-audio-worker=65536"
    "memorysetup-temp-allocator-size-cloud-worker=32768"
    "memorysetup-temp-allocator-size-gfx=262144"
    "memorysetup-temp-allocator-size-preload-manager=33554432"
    "memorysetup-allocator-temp-initial-block-size-main=262144"
    "memorysetup-allocator-temp-initial-block-size-worker=262144"
    "memorysetup-temp-allocator-size-job-worker=262144"
    "memorysetup-temp-allocator-size-background-worker=32768"
    "memorysetup-bucket-allocator-granularity=16"
    "memorysetup-bucket-allocator-bucket-count=8"
    "memorysetup-bucket-allocator-block-size=33554432"
    "memorysetup-bucket-allocator-block-count=8"
    "memorysetup-main-allocator-block-size=16777216"
    "memorysetup-thread-allocator-block-size=16777216"
    "memorysetup-main-allocator-mimalloc-enabled=0"
    "memorysetup-gfx-main-allocator-block-size=16777216"
    "memorysetup-gfx-thread-allocator-block-size=16777216"
    "memorysetup-cache-allocator-block-size=4194304"
    "memorysetup-typetree-allocator-block-size=2097152"
    "memorysetup-profiler-bucket-allocator-granularity=16"
    "memorysetup-profiler-bucket-allocator-bucket-count=8"
    "memorysetup-profiler-bucket-allocator-block-size=33554432"
    "memorysetup-profiler-bucket-allocator-block-count=8"
    "memorysetup-profiler-allocator-block-size=16777216"
    "memorysetup-profiler-editor-allocator-block-size=1048576"
    "memorysetup-temp-allocator-size-main=16777216"
    "memorysetup-job-temp-allocator-block-size=2097152"
    "memorysetup-job-temp-allocator-block-size-background=1048576"
    "memorysetup-job-temp-allocator-reduction-small-platforms=262144"
Player connection [40868]  Target information:

Player connection [40868]  * "[IP] 192.168.1.158 [Port] 0 [Flags] 2 [Guid] 1492053176 [EditorId] 1492053176 [Version] 1048832 [Id] WindowsEditor(7,WW-4J55SQ3) [Debug] 1 [PackageName] WindowsEditor [ProjectName] Editor" 

Player connection [40868] Host joined multi-casting on [225.0.0.222:54997]...
Player connection [40868] Host joined alternative multi-casting on [225.0.0.222:34997]...
JobSystem: Creating JobQueue using job-worker-count value 9
Input System module state changed to: Initialized.
[Physics::Module] Initialized fallback backend.
[Physics::Module] Id: 0xdecafbad
Library Redirect Path: Library/
[Physics::Module] Selected backend.
[Physics::Module] Name: PhysX
[Physics::Module] Id: 0xf2b8ea05
[Physics::Module] SDK Version: 4.1.2
[Physics::Module] Integration Version: 1.0.0
[Physics::Module] Threading Mode: Multi-Threaded
Refreshing native plugins compatible for Editor in 21.79 ms, found 3 plugins.
Initialize engine version: 6000.5.3f1 (c2eb47b3a2a9)
[Subsystems] Discovering subsystems at path C:/Program Files/Unity/Hub/Editor/6000.5.3f1/Editor/Data/Resources/UnitySubsystems
[Subsystems] Discovering subsystems at path C:/GITHUBProjects/VCL_V6/Assets
Forcing GfxDevice: Direct3D 12
GfxDevice: creating device client; kGfxThreadingModeNonThreaded
d3d12: failed to query info queue interface (0x80004002).
Direct3D:
    Version:         Direct3D 12 [level 12.2]
    Renderer:        NVIDIA GeForce RTX 3080 Ti Laptop GPU (ID=0x2460)
    Vendor:          NVIDIA
    VRAM:            16173 MB
    App VRAM Budget: 15405 MB
    Driver:          32.0.15.9608
Initialize mono
Mono path[0] = 'C:/Program Files/Unity/Hub/Editor/6000.5.3f1/Editor/Data/Managed'
Mono path[1] = 'C:/Program Files/Unity/Hub/Editor/6000.5.3f1/Editor/Data/BCLExtensions/runtime/netstandard2.1'
Mono path[2] = 'C:/Program Files/Unity/Hub/Editor/6000.5.3f1/Editor/Data/MonoBleedingEdge/lib/mono/unityjit-win32'
Mono config path = 'C:/Program Files/Unity/Hub/Editor/6000.5.3f1/Editor/Data/MonoBleedingEdge/etc'
Using monoOptions --debugger-agent=transport=dt_socket,embedding=1,server=y,suspend=n,address=127.0.0.1:56012
CodeReloadManager initialized
Begin MonoManager ReloadAssembly
Registering precompiled unity dll's ...
Register platform support module: C:/Program Files/Unity/Hub/Editor/6000.5.3f1/Editor/Data/PlaybackEngines/WindowsStandaloneSupport/UnityEditor.WindowsStandalone.Extensions.dll
Registered in 0.001976 seconds.
Native extension for WindowsStandalone target not found
Package Manager log level set to [2]
[Package Manager] Failed to launch server process. Reason: Unity was launched with the -noUpm command-line argument
[Package Manager] Unable to send message (not connected to server process).
[Package Manager] Cannot connect to Unity Package Manager local server
ScheduleIndexationOnStartup MainProcess:False IndexOnStartup:True
Mono: successfully reloaded assembly
- Finished resetting the current domain, in  0.330 seconds
Domain Reload Profiling: 878ms
	BeginReloadAssembly (146ms)
	RebuildCommonClasses (4ms)
	RebuildNativeTypeToScriptingClass (16ms)
	initialDomainReloadingComplete (68ms)
	LoadAllAssembliesAndSetupDomain (311ms)
		LoadAssemblies (143ms)
		AnalyzeDomain (235ms)
			TypeCache.Refresh (234ms)
				TypeCache.ScanAssembly (218ms)
	FinalizeReload (332ms)
		SetupLoadedEditorAssemblies (0ms)
			BeforeProcessingInitializeOnLoad (80ms)
			ProcessInitializeOnLoadAttributes (87ms)
			ProcessInitializeOnLoadMethodAttributes (96ms)
Initializing Unity extensions:
[Licensing::Module] Licensing is not yet initialized.
[Licensing::Client] Error: HandshakeResponse reported an error:
	ResponseCode: 505
	ResponseStatus: Unsupported protocol version '1.18.1'.
[Licensing::Module] Error: Failed to handshake to channel: "LicenseClient-SANDERB7"
[Licensing::IpcConnector] LicenseClient-SANDERB7 channel disconnected successfully.
[Licensing::IpcConnector] Successfully connected to: "LicenseClient-SANDERB7-6000.5.3" at "2026-07-16T18:23:25.7467767Z"
[Licensing::Client] Code 10 while verifying Licensing Client signature (process Id: 34028, path: "C:/Program Files/Unity/Hub/Editor/6000.5.3f1/Editor/Data/Resources/Licensing/Client/Unity.Licensing.Client.exe")
[Licensing::Module] LicensingClient has failed validation; ignoring
[Licensing::Client] Handshaking with LicensingClient:
  Version:                 1.18.1+9fbee8e
  Session Id:              2e148b9531a84dd88c92b14ecdc15217
  Correlation Id:          0024d3a186f2e056d3920796a77903b3
  External correlation Id: 5775384089128337701
  Machine Id:              xfS15U/JigKcG5rBATI6XDPNZAE=
[Licensing::Module] Successfully connected to LicensingClient on channel: "LicenseClient-SANDERB7-6000.5.3" (connect: 0.00s, validation: 0.01s, handshake: 0.01s)
[Licensing::IpcConnector] Successfully connected to: "LicenseClient-SANDERB7-6000.5.3-notifications" at "2026-07-16T18:23:25.7670454Z"
[Licensing::Module] Licensing Background thread has ended after 2.60s
[Licensing::Module] Licensing is initialized (took 0.23s).
[Licensing::Client] Successfully resolved entitlement details
[Licensing::Module] License group:
  Id: 2883364-UnityPersXXXX
  Product: Unity Personal
  Type: Assigned
  Expiration: Unlimited
Curl error 3: URL rejected: Malformed input to a URL function
========================================================================
Worker process is ready to serve import requests
Import Worker Mode flag is 0x00
Begin MonoManager ReloadAssembly
Symbol file LoadedFromMemory is not a mono symbol file
Refreshing native plugins compatible for Editor in 19.82 ms, found 3 plugins.
Native extension for WindowsStandalone target not found
[Package Manager] Failed to launch server process. Reason: Unity was launched with the -noUpm command-line argument
[Package Manager] Unable to send message (not connected to server process).
[Package Manager] Cannot connect to Unity Package Manager local server
Refreshing native plugins compatible for Editor in 15.22 ms, found 3 plugins.
[Package Manager] Failed to launch server process. Reason: Unity was launched with the -noUpm command-line argument
[Package Manager] Unable to send message (not connected to server process).
[Package Manager] Cannot connect to Unity Package Manager local server
ScheduleIndexationOnStartup MainProcess:False IndexOnStartup:True
Mono: successfully reloaded assembly
- Finished resetting the current domain, in  0.522 seconds
Domain Reload Profiling: 1312ms
	BeginReloadAssembly (200ms)
		DisableScriptedObjects (5ms)
		CreateAndSetChildDomain (28ms)
	RebuildCommonClasses (8ms)
	RebuildNativeTypeToScriptingClass (16ms)
	initialDomainReloadingComplete (63ms)
	LoadAllAssembliesAndSetupDomain (502ms)
		LoadAssemblies (366ms)
		AnalyzeDomain (149ms)
			TypeCache.Refresh (114ms)
				TypeCache.ScanAssembly (99ms)
			BuildScriptInfoCaches (31ms)
	FinalizeReload (523ms)
		SetupLoadedEditorAssemblies (0ms)
			BeforeProcessingInitializeOnLoad (78ms)
			ProcessInitializeOnLoadAttributes (248ms)
			ProcessInitializeOnLoadMethodAttributes (75ms)
			AfterProcessingInitializeOnLoad (6ms)
AcceleratorClientConnectionCallback - disconnected - :0
Launched and connected shader compiler UnityShaderCompiler.exe after 0.04 seconds
Refreshing native plugins compatible for Editor in 14.25 ms, found 3 plugins.
Unloading 3 Unused Serialized files (Serialized files now loaded: 0)
Curl error 3: URL rejected: Malformed input to a URL function
Unloading 4183 unused Assets / (1.9 MB). Loaded Objects now: 4742.
Memory consumption went from 237.0 MB to 235.1 MB.
Total: 6.772500 ms (FindLiveObjects: 0.351300 ms CreateObjectMapping: 1.319000 ms MarkObjects: 3.903200 ms  DeleteObjects: 1.196100 ms)

========================================================================
Received Import Request.
  Time of request: 2026-07-16T18:25:46.2087997Z
  Time since last request: 162852.61698180000531 seconds.
  importAddress: GUID: 3dbe1df1236d384409a22f636eb06750 - Path: Assets/MyScripts/CharpyTests/ImpactTesterController.cs - Importer: PreviewImporter
Importing 'GUID: 3dbe1df1236d384409a22f636eb06750 - Path: Assets/MyScripts/CharpyTests/ImpactTesterController.cs - Importer: PreviewImporter' with importer (PreviewImporter)
Imported 'GUID: 3dbe1df1236d384409a22f636eb06750' -> (Import Result ID: '3c28f58d168c2c359e123a634e2d5abd') in 0.006 seconds [static and dynamic dependencies]. Details - ImportResultOutputID=764e1844abe19fb5cfc959b1ad99069c DependenciesID=38054dc03c90c763359e09aea434aa63 StaticDependenciesID=5c344b9a0de52ab6751b997fe8efffb1 
Number of updated asset objects reloaded before import = 0
Number of asset objects unloaded after import = 0
========================================================================
Received Prepare
AcceleratorClientConnectionCallback - disconnected - :0
Refreshing native plugins compatible for Editor in 22.80 ms, found 3 plugins.
Unloading 3 Unused Serialized files (Serialized files now loaded: 0)
Unloading 4108 unused Assets / (1.2 MB). Loaded Objects now: 4744.
Memory consumption went from 235.6 MB to 234.3 MB.
Total: 8.908300 ms (FindLiveObjects: 0.529200 ms CreateObjectMapping: 2.118200 ms MarkObjects: 4.977300 ms  DeleteObjects: 1.281700 ms)

Prepare: number of updated asset objects reloaded= 0
========================================================================
Received Import Request.
  Time of request: 2026-07-16T18:26:53.0248109Z
  Time since last request: 66.80765169999999 seconds.
  importAddress: GUID: 3dbe1df1236d384409a22f636eb06750 - Path: Assets/MyScripts/CharpyTests/ImpactTesterController.cs - Importer: PreviewImporter
Importing 'GUID: 3dbe1df1236d384409a22f636eb06750 - Path: Assets/MyScripts/CharpyTests/ImpactTesterController.cs - Importer: PreviewImporter' with importer (PreviewImporter)
Imported 'GUID: 3dbe1df1236d384409a22f636eb06750' -> (Import Result ID: '8a7288dacad47b7852e27edfb0248833') in 0.001 seconds [static and dynamic dependencies]. Details - ImportResultOutputID=764e1844abe19fb5cfc959b1ad99069c DependenciesID=99cdf1397ab8bfab924f398b9f41dec2 StaticDependenciesID=a4359760ec6d6cf1a06d3976275f2f63 
Number of updated asset objects reloaded before import = 0
Number of asset objects unloaded after import = 0
========================================================================
Received Import Request.
  Time of request: 2026-07-16T18:26:54.0399836Z
  Time since last request: 1.0137555 seconds.
  importAddress: GUID: 3dbe1df1236d384409a22f636eb06750 - Path: Assets/MyScripts/CharpyTests/ImpactTesterController.cs - Importer: ScriptedImporter/UnityEditor.QuickSearchModule:UnityEditor.Search:ASIAI03
Importing 'GUID: 3dbe1df1236d384409a22f636eb06750 - Path: Assets/MyScripts/CharpyTests/ImpactTesterController.cs - Importer: ScriptedImporter/UnityEditor.QuickSearchModule:UnityEditor.Search:ASIAI03' with importer (ScriptedImporter : UnityEditor.QuickSearchModule:UnityEditor.Search:ASIAI03)
Imported 'GUID: 3dbe1df1236d384409a22f636eb06750' -> (Import Result ID: '7e5b70d2a45beea2f3636b7ad5335bfb') in 0.074 seconds [static and dynamic dependencies]. Details - ImportResultOutputID=d8690e0ca3ac94d2765bbdf6fc4422a0 DependenciesID=b25ed751118a4c5b3ec814356e453e93 StaticDependenciesID=e5a80781e271b84224d2ad5944ba16ad 
Number of updated asset objects reloaded before import = 0
Number of asset objects unloaded after import = 0
========================================================================
Received Prepare
AcceleratorClientConnectionCallback - disconnected - :0
[Licensing::Client] Successfully resolved entitlement details
Begin MonoManager ReloadAssembly
Symbol file LoadedFromMemory is not a mono symbol file
Refreshing native plugins compatible for Editor in 23.23 ms, found 3 plugins.
Native extension for WindowsStandalone target not found
[Package Manager] Failed to launch server process. Reason: Unity was launched with the -noUpm command-line argument
[Package Manager] Unable to send message (not connected to server process).
[Package Manager] Cannot connect to Unity Package Manager local server
[Package Manager] Failed to launch server process. Reason: Unity was launched with the -noUpm command-line argument
[Package Manager] Unable to send message (not connected to server process).
[Package Manager] Cannot connect to Unity Package Manager local server
ScheduleIndexationOnStartup MainProcess:False IndexOnStartup:True
Mono: successfully reloaded assembly
- Finished resetting the current domain, in  0.628 seconds
Domain Reload Profiling: 1586ms
	BeginReloadAssembly (236ms)
		DisableScriptedObjects (5ms)
		CreateAndSetChildDomain (46ms)
	RebuildCommonClasses (8ms)
	RebuildNativeTypeToScriptingClass (14ms)
	initialDomainReloadingComplete (78ms)
	LoadAllAssembliesAndSetupDomain (621ms)
		LoadAssemblies (462ms)
		AnalyzeDomain (167ms)
			TypeCache.Refresh (14ms)
				TypeCache.ScanAssembly (3ms)
			BuildScriptInfoCaches (147ms)
			ResolveRequiredComponents (4ms)
	FinalizeReload (629ms)
		SetupLoadedEditorAssemblies (0ms)
			BeforeProcessingInitializeOnLoad (73ms)
			ProcessInitializeOnLoadAttributes (246ms)
			ProcessInitializeOnLoadMethodAttributes (95ms)
			AfterProcessingInitializeOnLoad (6ms)
		AwakeInstancesAfterBackupRestoration (3ms)
Refreshing native plugins compatible for Editor in 17.51 ms, found 3 plugins.
Unloading 3 Unused Serialized files (Serialized files now loaded: 0)
Unloading 4181 unused Assets / (1.8 MB). Loaded Objects now: 4745.
Memory consumption went from 237.2 MB to 235.4 MB.
Total: 7.890300 ms (FindLiveObjects: 0.627800 ms CreateObjectMapping: 1.288400 ms MarkObjects: 4.332900 ms  DeleteObjects: 1.640400 ms)

Prepare: number of updated asset objects reloaded= 0
========================================================================
Received Prepare
AcceleratorClientConnectionCallback - disconnected - :0
Begin MonoManager ReloadAssembly
Symbol file LoadedFromMemory is not a mono symbol file
Refreshing native plugins compatible for Editor in 18.37 ms, found 3 plugins.
Native extension for WindowsStandalone target not found
[Package Manager] Failed to launch server process. Reason: Unity was launched with the -noUpm command-line argument
[Package Manager] Unable to send message (not connected to server process).
[Package Manager] Cannot connect to Unity Package Manager local server
[Package Manager] Failed to launch server process. Reason: Unity was launched with the -noUpm command-line argument
[Package Manager] Unable to send message (not connected to server process).
[Package Manager] Cannot connect to Unity Package Manager local server
ScheduleIndexationOnStartup MainProcess:False IndexOnStartup:True
Mono: successfully reloaded assembly
- Finished resetting the current domain, in  0.532 seconds
Domain Reload Profiling: 1140ms
	BeginReloadAssembly (194ms)
		DisableScriptedObjects (5ms)
		CreateAndSetChildDomain (35ms)
	RebuildCommonClasses (8ms)
	RebuildNativeTypeToScriptingClass (15ms)
	initialDomainReloadingComplete (67ms)
	LoadAllAssembliesAndSetupDomain (324ms)
		LoadAssemblies (320ms)
		AnalyzeDomain (13ms)
			TypeCache.Refresh (7ms)
			ResolveRequiredComponents (3ms)
	FinalizeReload (534ms)
		SetupLoadedEditorAssemblies (0ms)
			BeforeProcessingInitializeOnLoad (76ms)
			ProcessInitializeOnLoadAttributes (214ms)
			ProcessInitializeOnLoadMethodAttributes (103ms)
			AfterProcessingInitializeOnLoad (8ms)
		AwakeInstancesAfterBackupRestoration (3ms)
Refreshing native plugins compatible for Editor in 18.03 ms, found 3 plugins.
Unloading 3 Unused Serialized files (Serialized files now loaded: 0)
Unloading 4181 unused Assets / (1.8 MB). Loaded Objects now: 4746.
Memory consumption went from 238.2 MB to 236.4 MB.
Total: 7.649100 ms (FindLiveObjects: 0.368300 ms CreateObjectMapping: 1.519000 ms MarkObjects: 4.409200 ms  DeleteObjects: 1.351300 ms)

Prepare: number of updated asset objects reloaded= 0
