[Licensing::Module] Trying to connect to existing licensing client channel...
Built from '6000.5/staging' branch; Version is '6000.5.3f1 (c2eb47b3a2a9) revision 12774215'; Using compiler version '194234433'; Build Type 'Release'
[Licensing::IpcConnector] Successfully connected to: "LicenseClient-SANDERB7" at "2026-07-19T20:02:48.2041966Z"
OS: 'Windows 11  (10.0.26200) Enterprise' Language: 'en' Physical Memory: 65206 MB
BatchMode: 1, IsHumanControllingUs: 0, StartBugReporterOnCrash: 0, Is64bit: 1
System  architecture: x64
Process architecture: x64
Date: 2026-07-19T20:02:48Z

COMMAND LINE ARGUMENTS:
C:\Program Files\Unity\Hub\Editor\6000.5.3f1\Editor\Unity.exe
-adb2
-batchMode
-noUpm
-name
AssetImportWorkerHW0
-projectPath
C:/GITHUBProjects/VCL_V6
-logFile
Logs/AssetImportWorkerHW0.log
-srvPort
59403
-parentPid
33864
-analyticsCloudUserId
anonymous
-analyticsLocalProjectId
b27a388b2607ec042bc1fa828b8222d5
-licensingIpc
LicenseClient-SANDERB7
-noDiagnosticSwitchPersistentStore
-job-worker-count
9
-background-job-worker-count
8
-asset-garbage-collectors
1
-force-d3d12
-name
AssetImport
Successfully changed project path to: C:/GITHUBProjects/VCL_V6
C:/GITHUBProjects/VCL_V6
[UnityMemory] Configuration Parameters - Can be set up in boot.config
    "memorysetup-temp-allocator-size-gi-baking-worker=262144"
    "memorysetup-temp-allocator-size-gi-baking-worker=262144"
    "memorysetup-temp-allocator-size-gi-baking-worker=262144"
    "memorysetup-temp-allocator-size-gi-baking-worker=262144"
    "memorysetup-temp-allocator-size-gi-baking-worker=262144"
    "memorysetup-temp-allocator-size-nav-mesh-worker=65536"
    "memorysetup-temp-allocator-size-audio-worker=65536"
    "memorysetup-temp-allocator-size-cloud-worker=32768"
    "memorysetup-temp-allocator-size-gfx=262144"
    "memorysetup-temp-allocator-size-preload-manager=33554432"
    "memorysetup-allocator-temp-initial-block-size-main=262144"
    "memorysetup-allocator-temp-initial-block-size-worker=262144"
    "memorysetup-temp-allocator-size-job-worker=262144"
    "memorysetup-temp-allocator-size-background-worker=32768"
    "memorysetup-bucket-allocator-granularity=16"
    "memorysetup-bucket-allocator-bucket-count=8"
    "memorysetup-bucket-allocator-block-size=33554432"
    "memorysetup-bucket-allocator-block-count=8"
    "memorysetup-main-allocator-block-size=16777216"
    "memorysetup-thread-allocator-block-size=16777216"
    "memorysetup-main-allocator-mimalloc-enabled=0"
    "memorysetup-gfx-main-allocator-block-size=16777216"
    "memorysetup-gfx-thread-allocator-block-size=16777216"
    "memorysetup-cache-allocator-block-size=4194304"
    "memorysetup-typetree-allocator-block-size=2097152"
    "memorysetup-profiler-bucket-allocator-granularity=16"
    "memorysetup-profiler-bucket-allocator-bucket-count=8"
    "memorysetup-profiler-bucket-allocator-block-size=33554432"
    "memorysetup-profiler-bucket-allocator-block-count=8"
    "memorysetup-profiler-allocator-block-size=16777216"
    "memorysetup-profiler-editor-allocator-block-size=1048576"
    "memorysetup-temp-allocator-size-main=16777216"
    "memorysetup-job-temp-allocator-block-size=2097152"
    "memorysetup-job-temp-allocator-block-size-background=1048576"
    "memorysetup-job-temp-allocator-reduction-small-platforms=262144"
Player connection [33148]  Target information:

Player connection [33148]  * "[IP] 192.168.1.158 [Port] 0 [Flags] 2 [Guid] 818546052 [EditorId] 818546052 [Version] 1048832 [Id] WindowsEditor(7,WW-4J55SQ3) [Debug] 1 [PackageName] WindowsEditor [ProjectName] Editor" 

Player connection [33148] Host joined multi-casting on [225.0.0.222:54997]...
Player connection [33148] Host joined alternative multi-casting on [225.0.0.222:34997]...
JobSystem: Creating JobQueue using job-worker-count value 9
Input System module state changed to: Initialized.
[Physics::Module] Initialized fallback backend.
[Physics::Module] Id: 0xdecafbad
Library Redirect Path: Library/
[Physics::Module] Selected backend.
[Physics::Module] Name: PhysX
[Physics::Module] Id: 0xf2b8ea05
[Physics::Module] SDK Version: 4.1.2
[Physics::Module] Integration Version: 1.0.0
[Physics::Module] Threading Mode: Multi-Threaded
Refreshing native plugins compatible for Editor in 15.23 ms, found 3 plugins.
Initialize engine version: 6000.5.3f1 (c2eb47b3a2a9)
[Subsystems] Discovering subsystems at path C:/Program Files/Unity/Hub/Editor/6000.5.3f1/Editor/Data/Resources/UnitySubsystems
[Subsystems] Discovering subsystems at path C:/GITHUBProjects/VCL_V6/Assets
Forcing GfxDevice: Direct3D 12
GfxDevice: creating device client; kGfxThreadingModeNonThreaded
d3d12: failed to query info queue interface (0x80004002).
Direct3D:
    Version:         Direct3D 12 [level 12.2]
    Renderer:        NVIDIA GeForce RTX 3080 Ti Laptop GPU (ID=0x2460)
    Vendor:          NVIDIA
    VRAM:            16173 MB
    App VRAM Budget: 15405 MB
    Driver:          32.0.15.9608
Initialize mono
Mono path[0] = 'C:/Program Files/Unity/Hub/Editor/6000.5.3f1/Editor/Data/Managed'
Mono path[1] = 'C:/Program Files/Unity/Hub/Editor/6000.5.3f1/Editor/Data/BCLExtensions/runtime/netstandard2.1'
Mono path[2] = 'C:/Program Files/Unity/Hub/Editor/6000.5.3f1/Editor/Data/MonoBleedingEdge/lib/mono/unityjit-win32'
Mono config path = 'C:/Program Files/Unity/Hub/Editor/6000.5.3f1/Editor/Data/MonoBleedingEdge/etc'
Using monoOptions --debugger-agent=transport=dt_socket,embedding=1,server=y,suspend=n,address=127.0.0.1:56672
[Licensing::Client] Error: HandshakeResponse reported an error:
	ResponseCode: 505
	ResponseStatus: Unsupported protocol version '1.18.1'.
[Licensing::Module] Error: Failed to handshake to channel: "LicenseClient-SANDERB7"
[Licensing::IpcConnector] LicenseClient-SANDERB7 channel disconnected successfully.
[Licensing::IpcConnector] Successfully connected to: "LicenseClient-SANDERB7-6000.5.3" at "2026-07-19T20:02:52.5795844Z"
[Licensing::Client] Code 10 while verifying Licensing Client signature (process Id: 38264, path: "C:/Program Files/Unity/Hub/Editor/6000.5.3f1/Editor/Data/Resources/Licensing/Client/Unity.Licensing.Client.exe")
[Licensing::Module] LicensingClient has failed validation; ignoring
[Licensing::Client] Handshaking with LicensingClient:
  Version:                 1.18.1+9fbee8e
  Session Id:              bb4994cf7f794839a873eeade02966b4
  Correlation Id:          a08da5214e91588ec9115754b401d95e
  External correlation Id: 3664786603882269813
  Machine Id:              xfS15U/JigKcG5rBATI6XDPNZAE=
[Licensing::Module] Successfully connected to LicensingClient on channel: "LicenseClient-SANDERB7-6000.5.3" (connect: 0.00s, validation: 0.01s, handshake: 0.02s)
[Licensing::IpcConnector] Successfully connected to: "LicenseClient-SANDERB7-6000.5.3-notifications" at "2026-07-19T20:02:52.6012064Z"
[Licensing::Module] Licensing Background thread has ended after 4.40s
CodeReloadManager initialized
Begin MonoManager ReloadAssembly
Registering precompiled unity dll's ...
Register platform support module: C:/Program Files/Unity/Hub/Editor/6000.5.3f1/Editor/Data/PlaybackEngines/WindowsStandaloneSupport/UnityEditor.WindowsStandalone.Extensions.dll
Registered in 0.002322 seconds.
Native extension for WindowsStandalone target not found
Package Manager log level set to [2]
[Package Manager] Failed to launch server process. Reason: Unity was launched with the -noUpm command-line argument
[Package Manager] Unable to send message (not connected to server process).
[Package Manager] Cannot connect to Unity Package Manager local server
ScheduleIndexationOnStartup MainProcess:False IndexOnStartup:True
Mono: successfully reloaded assembly
- Finished resetting the current domain, in  0.426 seconds
Domain Reload Profiling: 1044ms
	BeginReloadAssembly (185ms)
	RebuildCommonClasses (5ms)
	RebuildNativeTypeToScriptingClass (18ms)
	initialDomainReloadingComplete (81ms)
	LoadAllAssembliesAndSetupDomain (327ms)
		LoadAssemblies (181ms)
		AnalyzeDomain (246ms)
			TypeCache.Refresh (244ms)
				TypeCache.ScanAssembly (228ms)
	FinalizeReload (428ms)
		SetupLoadedEditorAssemblies (0ms)
			BeforeProcessingInitializeOnLoad (108ms)
			ProcessInitializeOnLoadAttributes (110ms)
			ProcessInitializeOnLoadMethodAttributes (119ms)
Initializing Unity extensions:
[Licensing::Client] Successfully resolved entitlement details
[Licensing::Module] License group:
  Id: 2883364-UnityPersXXXX
  Product: Unity Personal
  Type: Assigned
  Expiration: Unlimited
Curl error 3: URL rejected: Malformed input to a URL function
========================================================================
Worker process is ready to serve import requests
Import Worker Mode flag is 0x00
Begin MonoManager ReloadAssembly
Symbol file LoadedFromMemory is not a mono symbol file
Refreshing native plugins compatible for Editor in 14.90 ms, found 3 plugins.
Native extension for WindowsStandalone target not found
[Package Manager] Failed to launch server process. Reason: Unity was launched with the -noUpm command-line argument
[Package Manager] Unable to send message (not connected to server process).
[Package Manager] Cannot connect to Unity Package Manager local server
Refreshing native plugins compatible for Editor in 13.99 ms, found 3 plugins.
[Package Manager] Failed to launch server process. Reason: Unity was launched with the -noUpm command-line argument
[Package Manager] Unable to send message (not connected to server process).
[Package Manager] Cannot connect to Unity Package Manager local server
ScheduleIndexationOnStartup MainProcess:False IndexOnStartup:True
Mono: successfully reloaded assembly
- Finished resetting the current domain, in  1.046 seconds
Domain Reload Profiling: 2310ms
	BeginReloadAssembly (266ms)
		DisableScriptedObjects (5ms)
		CreateAndSetChildDomain (37ms)
	RebuildCommonClasses (12ms)
	RebuildNativeTypeToScriptingClass (20ms)
	initialDomainReloadingComplete (104ms)
	LoadAllAssembliesAndSetupDomain (862ms)
		LoadAssemblies (594ms)
		AnalyzeDomain (297ms)
			TypeCache.Refresh (212ms)
				TypeCache.ScanAssembly (188ms)
			BuildScriptInfoCaches (74ms)
			ResolveRequiredComponents (8ms)
	FinalizeReload (1047ms)
		SetupLoadedEditorAssemblies (0ms)
			InitializePlatformSupportModulesInManaged (3ms)
			BeforeProcessingInitializeOnLoad (105ms)
			ProcessInitializeOnLoadAttributes (409ms)
			ProcessInitializeOnLoadMethodAttributes (193ms)
			AfterProcessingInitializeOnLoad (8ms)
		AwakeInstancesAfterBackupRestoration (4ms)
AcceleratorClientConnectionCallback - disconnected - :0
Launched and connected shader compiler UnityShaderCompiler.exe after 8.46 seconds
Refreshing native plugins compatible for Editor in 61.26 ms, found 3 plugins.
Unloading 22 Unused Serialized files (Serialized files now loaded: 0)
Unloading 6970 unused Assets / (2.9 MB). Loaded Objects now: 7765.
Memory consumption went from 329.9 MB to 327.0 MB.
Total: 2977.590600 ms (FindLiveObjects: 3.054000 ms CreateObjectMapping: 6.589900 ms MarkObjects: 2962.960500 ms  DeleteObjects: 4.980700 ms)

Curl error 3: URL rejected: Malformed input to a URL function
========================================================================
Received Import Request.
  Time of request: 2026-07-19T20:03:15.7377323Z
  Time since last request: 262643.7313315999927 seconds.
  importAddress: GUID: 2ff79e1bd829a3b44a49cf84d4abfc5f - Path: Assets/MyScripts/MaterialSelection/DragHandler.cs - Importer: ScriptedImporter/UnityEditor.QuickSearchModule:UnityEditor.Search:ASIAI03
Importing 'GUID: 2ff79e1bd829a3b44a49cf84d4abfc5f - Path: Assets/MyScripts/MaterialSelection/DragHandler.cs - Importer: ScriptedImporter/UnityEditor.QuickSearchModule:UnityEditor.Search:ASIAI03' with importer (ScriptedImporter : UnityEditor.QuickSearchModule:UnityEditor.Search:ASIAI03)
Imported 'GUID: 2ff79e1bd829a3b44a49cf84d4abfc5f' -> (Import Result ID: '596a0767525c23cc06d90e05a22d064d') in 0.193 seconds [static and dynamic dependencies]. Details - ImportResultOutputID=6de2aab9bb06e16fc4ee28e8e40e84b5 DependenciesID=1150e43172a6dc3160fdc1af1ea5a2e9 StaticDependenciesID=239131808e7b1aaa6f47301b02e54826 
Number of updated asset objects reloaded before import = 0
Number of asset objects unloaded after import = 0
========================================================================
Received Import Request.
  Time of request: 2026-07-19T20:03:16.1756095Z
  Time since last request: 0.205532 seconds.
  importAddress: GUID: db6af914017b7bf44a669e6bd3198852 - Path: Assets/MyScripts/CharpyTests/MaterialSelection.cs - Importer: PreviewImporter
Importing 'GUID: db6af914017b7bf44a669e6bd3198852 - Path: Assets/MyScripts/CharpyTests/MaterialSelection.cs - Importer: PreviewImporter' with importer (PreviewImporter)
Imported 'GUID: db6af914017b7bf44a669e6bd3198852' -> (Import Result ID: 'c55f9dd240bb49cfce0159fb554abf66') in 0.002 seconds [static and dynamic dependencies]. Details - ImportResultOutputID=478a3f9b52206ee839a08593f6de788f DependenciesID=ca92191d3d0af3bb9ca968d50eeeaca5 StaticDependenciesID=1b89ccace8a688902a75526db96ff560 
Number of updated asset objects reloaded before import = 0
Number of asset objects unloaded after import = 0
========================================================================
Received Import Request.
  Time of request: 2026-07-19T20:03:16.2136094Z
  Time since last request: 0.0011322 seconds.
  importAddress: GUID: 2f841cde402157d4cb32935984eb9dea - Path: Assets/Scenes/SampleDesignScenes/BuildOrthotropicTestSample.unity - Importer: ScriptedImporter/UnityEditor.QuickSearchModule:UnityEditor.Search:ASIAI03
Importing 'GUID: 2f841cde402157d4cb32935984eb9dea - Path: Assets/Scenes/SampleDesignScenes/BuildOrthotropicTestSample.unity - Importer: ScriptedImporter/UnityEditor.QuickSearchModule:UnityEditor.Search:ASIAI03' with importer (ScriptedImporter : UnityEditor.QuickSearchModule:UnityEditor.Search:ASIAI03)
Imported 'GUID: 2f841cde402157d4cb32935984eb9dea' -> (Import Result ID: '90121727d440530ee094ba0a7d0047a7') in 0.022 seconds [static and dynamic dependencies]. Details - ImportResultOutputID=663dc5b491e680f804493209bfa00851 DependenciesID=8fefa8552aa4007a1f0edd1811aae9c1 StaticDependenciesID=3ce98e0305c958f12ea5014f25f56a88 
Number of updated asset objects reloaded before import = 0
Number of asset objects unloaded after import = 1
========================================================================
Received Import Request.
  Time of request: 2026-07-19T20:03:16.2656835Z
  Time since last request: 0.0011253 seconds.
  importAddress: GUID: ecfe0238107129444ae68bf8882bc3f9 - Path: Assets/MyScripts/Utility/ExperimentCameraController.cs - Importer: ScriptedImporter/UnityEditor.QuickSearchModule:UnityEditor.Search:ASIAI03
Importing 'GUID: ecfe0238107129444ae68bf8882bc3f9 - Path: Assets/MyScripts/Utility/ExperimentCameraController.cs - Importer: ScriptedImporter/UnityEditor.QuickSearchModule:UnityEditor.Search:ASIAI03' with importer (ScriptedImporter : UnityEditor.QuickSearchModule:UnityEditor.Search:ASIAI03)
Imported 'GUID: ecfe0238107129444ae68bf8882bc3f9' -> (Import Result ID: '928a524566763aa8f7bedb5576ac161f') in 0.014 seconds [static and dynamic dependencies]. Details - ImportResultOutputID=0f4d3fb629b57e882810fa59164f2c96 DependenciesID=e326635ef46933ee74a6db4850749076 StaticDependenciesID=9711efcf205e20607f9c2a99918db205 
Number of updated asset objects reloaded before import = 0
Number of asset objects unloaded after import = 0
========================================================================
Received Import Request.
  Time of request: 2026-07-19T20:03:16.3228649Z
  Time since last request: 0.0014279 seconds.
  importAddress: GUID: 7f078a2ba1bb3e043b83f42f114f88e5 - Path: Assets/MyScripts/CharpyTests/DataManager.cs - Importer: PreviewImporter
Importing 'GUID: 7f078a2ba1bb3e043b83f42f114f88e5 - Path: Assets/MyScripts/CharpyTests/DataManager.cs - Importer: PreviewImporter' with importer (PreviewImporter)
Imported 'GUID: 7f078a2ba1bb3e043b83f42f114f88e5' -> (Import Result ID: '65229a161d6a3bd0384cfd30b8c8bb93') in 0.001 seconds [static and dynamic dependencies]. Details - ImportResultOutputID=a97d83bab1a92138d68d2edc1493f56c DependenciesID=29c6a28c8450250215c1f10f94a5c6c9 StaticDependenciesID=7ef58ecdb2052de1e9846fbe9189520a 
Number of updated asset objects reloaded before import = 0
Number of asset objects unloaded after import = 0
========================================================================
Received Import Request.
  Time of request: 2026-07-19T20:03:16.3567784Z
  Time since last request: 0.0011103 seconds.
  importAddress: GUID: e5235eca486d82f49a1332f0d96e82dd - Path: Assets/Scenes/SampleDesignScenes/BuildMultiLayerTestSample.unity - Importer: ScriptedImporter/UnityEditor.QuickSearchModule:UnityEditor.Search:ASIAI03
Importing 'GUID: e5235eca486d82f49a1332f0d96e82dd - Path: Assets/Scenes/SampleDesignScenes/BuildMultiLayerTestSample.unity - Importer: ScriptedImporter/UnityEditor.QuickSearchModule:UnityEditor.Search:ASIAI03' with importer (ScriptedImporter : UnityEditor.QuickSearchModule:UnityEditor.Search:ASIAI03)
Imported 'GUID: e5235eca486d82f49a1332f0d96e82dd' -> (Import Result ID: '9cc54c581009faf46eb99a7066345b5c') in 0.012 seconds [static and dynamic dependencies]. Details - ImportResultOutputID=598a390798bef564ace26c082d589040 DependenciesID=9451ecc3a1df34b810ef4dba3a4544a4 StaticDependenciesID=68be74e3d676df16df90df5db8b7686f 
Number of updated asset objects reloaded before import = 0
Number of asset objects unloaded after import = 1
========================================================================
Received Import Request.
  Time of request: 2026-07-19T20:03:16.3945398Z
  Time since last request: 0.0016875 seconds.
  importAddress: GUID: 3dbe1df1236d384409a22f636eb06750 - Path: Assets/MyScripts/CharpyTests/ImpactTesterController.cs - Importer: ScriptedImporter/UnityEditor.QuickSearchModule:UnityEditor.Search:ASIAI03
Importing 'GUID: 3dbe1df1236d384409a22f636eb06750 - Path: Assets/MyScripts/CharpyTests/ImpactTesterController.cs - Importer: ScriptedImporter/UnityEditor.QuickSearchModule:UnityEditor.Search:ASIAI03' with importer (ScriptedImporter : UnityEditor.QuickSearchModule:UnityEditor.Search:ASIAI03)
Imported 'GUID: 3dbe1df1236d384409a22f636eb06750' -> (Import Result ID: 'b12fd06d40ec51cbc49ea8347d15ae25') in 0.011 seconds [static and dynamic dependencies]. Details - ImportResultOutputID=0f128389f32d24bad50a0eaed5dd8980 DependenciesID=c3e85f3452fd7c9f81615d2823965bc0 StaticDependenciesID=718c588fcb0581e11d0bbd0f3dd5af14 
Number of updated asset objects reloaded before import = 0
Number of asset objects unloaded after import = 0
========================================================================
Received Import Request.
  Time of request: 2026-07-19T20:03:16.4389825Z
  Time since last request: 0.0012287 seconds.
  importAddress: GUID: 54c07795517975f4caf751d92462212d - Path: Assets/Scenes/SampleDesignScenes/BuildIsotropicTestSample.unity - Importer: ScriptedImporter/UnityEditor.QuickSearchModule:UnityEditor.Search:ASIAI03
Importing 'GUID: 54c07795517975f4caf751d92462212d - Path: Assets/Scenes/SampleDesignScenes/BuildIsotropicTestSample.unity - Importer: ScriptedImporter/UnityEditor.QuickSearchModule:UnityEditor.Search:ASIAI03' with importer (ScriptedImporter : UnityEditor.QuickSearchModule:UnityEditor.Search:ASIAI03)
Imported 'GUID: 54c07795517975f4caf751d92462212d' -> (Import Result ID: '55fa3bd8e6e47b3be11737f99cecd4e0') in 0.069 seconds [static and dynamic dependencies]. Details - ImportResultOutputID=22cbe48be9dc1582623bc19d19ed90d2 DependenciesID=3ffe62aa6efb548b5869750dab31f5e8 StaticDependenciesID=d05f1e175331550d34d507d2cd126eac 
Number of updated asset objects reloaded before import = 0
Number of asset objects unloaded after import = 1
========================================================================
Received Prepare
AcceleratorClientConnectionCallback - disconnected - :0
Refreshing native plugins compatible for Editor in 16.78 ms, found 3 plugins.
Unloading 22 Unused Serialized files (Serialized files now loaded: 0)
Unloading 6894 unused Assets / (6.1 MB). Loaded Objects now: 7767.
Memory consumption went from 328.8 MB to 322.7 MB.
Total: 13.420600 ms (FindLiveObjects: 0.680300 ms CreateObjectMapping: 3.148600 ms MarkObjects: 7.072200 ms  DeleteObjects: 2.518000 ms)

Prepare: number of updated asset objects reloaded= 0
========================================================================
Received Prepare
AcceleratorClientConnectionCallback - disconnected - :0
[Licensing::Client] Successfully resolved entitlement details
Begin MonoManager ReloadAssembly
Symbol file LoadedFromMemory is not a mono symbol file
Refreshing native plugins compatible for Editor in 22.04 ms, found 3 plugins.
Native extension for WindowsStandalone target not found
[Package Manager] Failed to launch server process. Reason: Unity was launched with the -noUpm command-line argument
[Package Manager] Unable to send message (not connected to server process).
[Package Manager] Cannot connect to Unity Package Manager local server
[Package Manager] Failed to launch server process. Reason: Unity was launched with the -noUpm command-line argument
[Package Manager] Unable to send message (not connected to server process).
[Package Manager] Cannot connect to Unity Package Manager local server
ScheduleIndexationOnStartup MainProcess:False IndexOnStartup:True
Mono: successfully reloaded assembly
- Finished resetting the current domain, in  1.040 seconds
Domain Reload Profiling: 2321ms
	BeginReloadAssembly (346ms)
		DisableScriptedObjects (17ms)
		CreateAndSetChildDomain (80ms)
	RebuildCommonClasses (14ms)
	RebuildNativeTypeToScriptingClass (22ms)
	initialDomainReloadingComplete (120ms)
	LoadAllAssembliesAndSetupDomain (778ms)
		LoadAssemblies (499ms)
		AnalyzeDomain (279ms)
			TypeCache.Refresh (15ms)
				TypeCache.ScanAssembly (3ms)
			BuildScriptInfoCaches (251ms)
			ResolveRequiredComponents (11ms)
	FinalizeReload (1041ms)
		SetupLoadedEditorAssemblies (0ms)
			InitializePlatformSupportModulesInManaged (3ms)
			BeforeProcessingInitializeOnLoad (107ms)
			ProcessInitializeOnLoadAttributes (366ms)
			ProcessInitializeOnLoadMethodAttributes (154ms)
			AfterProcessingInitializeOnLoad (8ms)
		AwakeInstancesAfterBackupRestoration (20ms)
Refreshing native plugins compatible for Editor in 17.04 ms, found 3 plugins.
Unloading 22 Unused Serialized files (Serialized files now loaded: 0)
Unloading 6968 unused Assets / (6.0 MB). Loaded Objects now: 7811.
Memory consumption went from 340.5 MB to 334.5 MB.
Total: 11.606400 ms (FindLiveObjects: 0.789300 ms CreateObjectMapping: 3.221100 ms MarkObjects: 5.006700 ms  DeleteObjects: 2.587300 ms)

Prepare: number of updated asset objects reloaded= 0
========================================================================
Received Prepare
AcceleratorClientConnectionCallback - disconnected - :0
Refreshing native plugins compatible for Editor in 22.20 ms, found 3 plugins.
Unloading 22 Unused Serialized files (Serialized files now loaded: 0)
Unloading 6894 unused Assets / (6.0 MB). Loaded Objects now: 7811.
Memory consumption went from 344.8 MB to 338.8 MB.
Total: 17.870600 ms (FindLiveObjects: 1.095700 ms CreateObjectMapping: 4.004500 ms MarkObjects: 8.754600 ms  DeleteObjects: 4.013000 ms)

Prepare: number of updated asset objects reloaded= 0
========================================================================
Received Import Request.
  Time of request: 2026-07-19T20:10:11.1063279Z
  Time since last request: 414.31108490000003 seconds.
  importAddress: GUID: db6af914017b7bf44a669e6bd3198852 - Path: Assets/MyScripts/CharpyTests/MaterialSelection.cs - Importer: PreviewImporter
Importing 'GUID: db6af914017b7bf44a669e6bd3198852 - Path: Assets/MyScripts/CharpyTests/MaterialSelection.cs - Importer: PreviewImporter' with importer (PreviewImporter)
Imported 'GUID: db6af914017b7bf44a669e6bd3198852' -> (Import Result ID: '1a16a1ab8b603c46a5021255444d37f7') in 0.002 seconds [static and dynamic dependencies]. Details - ImportResultOutputID=478a3f9b52206ee839a08593f6de788f DependenciesID=10ceb474077d20186d4102f8488711c1 StaticDependenciesID=4b3a32614b79733eecc678664d6d4344 
Number of updated asset objects reloaded before import = 0
Number of asset objects unloaded after import = 0
========================================================================
Received Prepare
AcceleratorClientConnectionCallback - disconnected - :0
[Licensing::Client] Successfully resolved entitlement details
Begin MonoManager ReloadAssembly
Symbol file LoadedFromMemory is not a mono symbol file
Refreshing native plugins compatible for Editor in 19.01 ms, found 3 plugins.
Native extension for WindowsStandalone target not found
[Package Manager] Failed to launch server process. Reason: Unity was launched with the -noUpm command-line argument
[Package Manager] Unable to send message (not connected to server process).
[Package Manager] Cannot connect to Unity Package Manager local server
[Package Manager] Failed to launch server process. Reason: Unity was launched with the -noUpm command-line argument
[Package Manager] Unable to send message (not connected to server process).
[Package Manager] Cannot connect to Unity Package Manager local server
ScheduleIndexationOnStartup MainProcess:False IndexOnStartup:True
Mono: successfully reloaded assembly
- Finished resetting the current domain, in  0.971 seconds
Domain Reload Profiling: 2236ms
	BeginReloadAssembly (336ms)
		DisableScriptedObjects (9ms)
		CreateAndSetChildDomain (66ms)
	RebuildCommonClasses (15ms)
	RebuildNativeTypeToScriptingClass (28ms)
	initialDomainReloadingComplete (97ms)
	LoadAllAssembliesAndSetupDomain (788ms)
		LoadAssemblies (557ms)
		AnalyzeDomain (257ms)
			TypeCache.Refresh (14ms)
			BuildScriptInfoCaches (234ms)
			ResolveRequiredComponents (8ms)
	FinalizeReload (972ms)
		SetupLoadedEditorAssemblies (0ms)
			InitializePlatformSupportModulesInManaged (3ms)
			BeforeProcessingInitializeOnLoad (121ms)
			ProcessInitializeOnLoadAttributes (359ms)
			ProcessInitializeOnLoadMethodAttributes (176ms)
			AfterProcessingInitializeOnLoad (10ms)
		AwakeInstancesAfterBackupRestoration (24ms)
Refreshing native plugins compatible for Editor in 15.68 ms, found 3 plugins.
Unloading 22 Unused Serialized files (Serialized files now loaded: 0)
Unloading 6968 unused Assets / (5.6 MB). Loaded Objects now: 7814.
Memory consumption went from 347.5 MB to 341.9 MB.
Total: 11.902700 ms (FindLiveObjects: 0.786500 ms CreateObjectMapping: 3.170600 ms MarkObjects: 5.334900 ms  DeleteObjects: 2.608800 ms)

Prepare: number of updated asset objects reloaded= 0
========================================================================
Received Prepare
AcceleratorClientConnectionCallback - disconnected - :0
Refreshing native plugins compatible for Editor in 20.06 ms, found 3 plugins.
Unloading 22 Unused Serialized files (Serialized files now loaded: 0)
Unloading 6894 unused Assets / (5.4 MB). Loaded Objects now: 7814.
Memory consumption went from 350.7 MB to 345.3 MB.
Total: 13.128300 ms (FindLiveObjects: 1.050900 ms CreateObjectMapping: 3.560700 ms MarkObjects: 5.643400 ms  DeleteObjects: 2.871300 ms)

Prepare: number of updated asset objects reloaded= 0
========================================================================
Received Prepare
AcceleratorClientConnectionCallback - disconnected - :0
Begin MonoManager ReloadAssembly
Symbol file LoadedFromMemory is not a mono symbol file
Refreshing native plugins compatible for Editor in 18.69 ms, found 3 plugins.
Native extension for WindowsStandalone target not found
[Package Manager] Failed to launch server process. Reason: Unity was launched with the -noUpm command-line argument
[Package Manager] Unable to send message (not connected to server process).
[Package Manager] Cannot connect to Unity Package Manager local server
[Package Manager] Failed to launch server process. Reason: Unity was launched with the -noUpm command-line argument
[Package Manager] Unable to send message (not connected to server process).
[Package Manager] Cannot connect to Unity Package Manager local server
ScheduleIndexationOnStartup MainProcess:False IndexOnStartup:True
Mono: successfully reloaded assembly
- Finished resetting the current domain, in  0.993 seconds
Domain Reload Profiling: 2467ms
	BeginReloadAssembly (344ms)
		DisableScriptedObjects (10ms)
		CreateAndSetChildDomain (69ms)
	RebuildCommonClasses (13ms)
	RebuildNativeTypeToScriptingClass (26ms)
	initialDomainReloadingComplete (104ms)
	LoadAllAssembliesAndSetupDomain (986ms)
		LoadAssemblies (696ms)
		AnalyzeDomain (292ms)
			TypeCache.Refresh (18ms)
				TypeCache.ScanAssembly (3ms)
			BuildScriptInfoCaches (261ms)
			ResolveRequiredComponents (11ms)
	FinalizeReload (994ms)
		SetupLoadedEditorAssemblies (0ms)
			InitializePlatformSupportModulesInManaged (3ms)
			BeforeProcessingInitializeOnLoad (122ms)
			ProcessInitializeOnLoadAttributes (399ms)
			ProcessInitializeOnLoadMethodAttributes (153ms)
			AfterProcessingInitializeOnLoad (8ms)
		AwakeInstancesAfterBackupRestoration (29ms)
Refreshing native plugins compatible for Editor in 16.31 ms, found 3 plugins.
Unloading 22 Unused Serialized files (Serialized files now loaded: 0)
Unloading 6968 unused Assets / (7.4 MB). Loaded Objects now: 7817.
Memory consumption went from 354.9 MB to 347.5 MB.
Total: 13.519800 ms (FindLiveObjects: 0.845100 ms CreateObjectMapping: 2.982800 ms MarkObjects: 5.854100 ms  DeleteObjects: 3.836200 ms)

Prepare: number of updated asset objects reloaded= 0
========================================================================
Received Prepare
AcceleratorClientConnectionCallback - disconnected - :0
Refreshing native plugins compatible for Editor in 24.34 ms, found 3 plugins.
Unloading 22 Unused Serialized files (Serialized files now loaded: 0)
Unloading 6894 unused Assets / (6.4 MB). Loaded Objects now: 7817.
Memory consumption went from 358.1 MB to 351.7 MB.
Total: 16.120800 ms (FindLiveObjects: 0.860200 ms CreateObjectMapping: 3.456700 ms MarkObjects: 7.991500 ms  DeleteObjects: 3.810700 ms)

Prepare: number of updated asset objects reloaded= 0
========================================================================
Received Prepare
AcceleratorClientConnectionCallback - disconnected - :0
Refreshing native plugins compatible for Editor in 22.31 ms, found 3 plugins.
Unloading 22 Unused Serialized files (Serialized files now loaded: 0)
Unloading 6894 unused Assets / (6.4 MB). Loaded Objects now: 7817.
Memory consumption went from 361.7 MB to 355.3 MB.
Total: 14.150600 ms (FindLiveObjects: 0.839800 ms CreateObjectMapping: 3.679600 ms MarkObjects: 6.058000 ms  DeleteObjects: 3.571500 ms)

Prepare: number of updated asset objects reloaded= 0
========================================================================
Received Import Request.
  Time of request: 2026-07-19T20:13:51.3462153Z
  Time since last request: 220.224029 seconds.
  importAddress: GUID: 3dbe1df1236d384409a22f636eb06750 - Path: Assets/MyScripts/CharpyTests/ImpactTesterController.cs - Importer: PreviewImporter
Importing 'GUID: 3dbe1df1236d384409a22f636eb06750 - Path: Assets/MyScripts/CharpyTests/ImpactTesterController.cs - Importer: PreviewImporter' with importer (PreviewImporter)
Imported 'GUID: 3dbe1df1236d384409a22f636eb06750' -> (Import Result ID: '3dfa330ea35f54bbc4a43ca6fd855c2b') in 0.005 seconds [static and dynamic dependencies]. Details - ImportResultOutputID=764e1844abe19fb5cfc959b1ad99069c DependenciesID=0a37bdfacaa1a165dc32f243d7c84494 StaticDependenciesID=a99f1a693ed9651b45fda3a5f462ff69 
Number of updated asset objects reloaded before import = 0
Number of asset objects unloaded after import = 0
========================================================================
Received Prepare
AcceleratorClientConnectionCallback - disconnected - :0
[Licensing::Client] Successfully resolved entitlement details
Begin MonoManager ReloadAssembly
Symbol file LoadedFromMemory is not a mono symbol file
Refreshing native plugins compatible for Editor in 21.51 ms, found 3 plugins.
Native extension for WindowsStandalone target not found
[Package Manager] Failed to launch server process. Reason: Unity was launched with the -noUpm command-line argument
[Package Manager] Unable to send message (not connected to server process).
[Package Manager] Cannot connect to Unity Package Manager local server
[Package Manager] Failed to launch server process. Reason: Unity was launched with the -noUpm command-line argument
[Package Manager] Unable to send message (not connected to server process).
[Package Manager] Cannot connect to Unity Package Manager local server
ScheduleIndexationOnStartup MainProcess:False IndexOnStartup:True
Mono: successfully reloaded assembly
- Finished resetting the current domain, in  1.042 seconds
Domain Reload Profiling: 2356ms
	BeginReloadAssembly (304ms)
		DisableScriptedObjects (7ms)
		CreateAndSetChildDomain (60ms)
	RebuildCommonClasses (14ms)
	RebuildNativeTypeToScriptingClass (27ms)
	initialDomainReloadingComplete (107ms)
	LoadAllAssembliesAndSetupDomain (861ms)
		LoadAssemblies (532ms)
		AnalyzeDomain (310ms)
			TypeCache.Refresh (18ms)
				TypeCache.ScanAssembly (3ms)
			BuildScriptInfoCaches (279ms)
			ResolveRequiredComponents (11ms)
	FinalizeReload (1044ms)
		SetupLoadedEditorAssemblies (0ms)
			InitializePlatformSupportModulesInManaged (3ms)
			BeforeProcessingInitializeOnLoad (116ms)
			ProcessInitializeOnLoadAttributes (396ms)
			ProcessInitializeOnLoadMethodAttributes (197ms)
			AfterProcessingInitializeOnLoad (14ms)
		AwakeInstancesAfterBackupRestoration (32ms)
Refreshing native plugins compatible for Editor in 17.09 ms, found 3 plugins.
Unloading 22 Unused Serialized files (Serialized files now loaded: 0)
Unloading 6968 unused Assets / (6.3 MB). Loaded Objects now: 7820.
Memory consumption went from 359.8 MB to 353.5 MB.
Total: 13.789100 ms (FindLiveObjects: 0.725400 ms CreateObjectMapping: 3.595000 ms MarkObjects: 6.004800 ms  DeleteObjects: 3.462100 ms)

Prepare: number of updated asset objects reloaded= 0
========================================================================
Received Prepare
AcceleratorClientConnectionCallback - disconnected - :0
Begin MonoManager ReloadAssembly
Symbol file LoadedFromMemory is not a mono symbol file
Refreshing native plugins compatible for Editor in 14.00 ms, found 3 plugins.
Native extension for WindowsStandalone target not found
[Package Manager] Failed to launch server process. Reason: Unity was launched with the -noUpm command-line argument
[Package Manager] Unable to send message (not connected to server process).
[Package Manager] Cannot connect to Unity Package Manager local server
[Package Manager] Failed to launch server process. Reason: Unity was launched with the -noUpm command-line argument
[Package Manager] Unable to send message (not connected to server process).
[Package Manager] Cannot connect to Unity Package Manager local server
ScheduleIndexationOnStartup MainProcess:False IndexOnStartup:True
Mono: successfully reloaded assembly
- Finished resetting the current domain, in  0.852 seconds
Domain Reload Profiling: 1648ms
	BeginReloadAssembly (254ms)
		DisableScriptedObjects (6ms)
		CreateAndSetChildDomain (47ms)
	RebuildCommonClasses (11ms)
	RebuildNativeTypeToScriptingClass (24ms)
	initialDomainReloadingComplete (78ms)
	LoadAllAssembliesAndSetupDomain (428ms)
		LoadAssemblies (426ms)
		AnalyzeDomain (19ms)
			TypeCache.Refresh (8ms)
			ResolveRequiredComponents (7ms)
	FinalizeReload (853ms)
		SetupLoadedEditorAssemblies (0ms)
			BeforeProcessingInitializeOnLoad (101ms)
			ProcessInitializeOnLoadAttributes (353ms)
			ProcessInitializeOnLoadMethodAttributes (151ms)
			AfterProcessingInitializeOnLoad (8ms)
		AwakeInstancesAfterBackupRestoration (21ms)
Refreshing native plugins compatible for Editor in 12.18 ms, found 3 plugins.
Unloading 22 Unused Serialized files (Serialized files now loaded: 0)
Unloading 6968 unused Assets / (6.0 MB). Loaded Objects now: 7823.
Memory consumption went from 363.8 MB to 357.8 MB.
Total: 17.274400 ms (FindLiveObjects: 0.681000 ms CreateObjectMapping: 2.803000 ms MarkObjects: 11.044900 ms  DeleteObjects: 2.743900 ms)

Prepare: number of updated asset objects reloaded= 0
========================================================================
Received Prepare
AcceleratorClientConnectionCallback - disconnected - :0
Refreshing native plugins compatible for Editor in 21.34 ms, found 3 plugins.
Unloading 22 Unused Serialized files (Serialized files now loaded: 0)
Unloading 6894 unused Assets / (6.4 MB). Loaded Objects now: 7823.
Memory consumption went from 367.0 MB to 360.6 MB.
Total: 16.115500 ms (FindLiveObjects: 0.787900 ms CreateObjectMapping: 3.692900 ms MarkObjects: 7.511500 ms  DeleteObjects: 4.121100 ms)

Prepare: number of updated asset objects reloaded= 0
========================================================================
Received Prepare
AcceleratorClientConnectionCallback - disconnected - :0
[Licensing::Client] Successfully resolved entitlement details
Begin MonoManager ReloadAssembly
Symbol file LoadedFromMemory is not a mono symbol file
Refreshing native plugins compatible for Editor in 18.83 ms, found 3 plugins.
Native extension for WindowsStandalone target not found
[Package Manager] Failed to launch server process. Reason: Unity was launched with the -noUpm command-line argument
[Package Manager] Unable to send message (not connected to server process).
[Package Manager] Cannot connect to Unity Package Manager local server
[Package Manager] Failed to launch server process. Reason: Unity was launched with the -noUpm command-line argument
[Package Manager] Unable to send message (not connected to server process).
[Package Manager] Cannot connect to Unity Package Manager local server
ScheduleIndexationOnStartup MainProcess:False IndexOnStartup:True
Mono: successfully reloaded assembly
- Finished resetting the current domain, in  1.008 seconds
Domain Reload Profiling: 2333ms
	BeginReloadAssembly (307ms)
		DisableScriptedObjects (9ms)
		CreateAndSetChildDomain (62ms)
	RebuildCommonClasses (14ms)
	RebuildNativeTypeToScriptingClass (25ms)
	initialDomainReloadingComplete (110ms)
	LoadAllAssembliesAndSetupDomain (868ms)
		LoadAssemblies (544ms)
		AnalyzeDomain (313ms)
			TypeCache.Refresh (18ms)
				TypeCache.ScanAssembly (3ms)
			BuildScriptInfoCaches (281ms)
			ResolveRequiredComponents (11ms)
	FinalizeReload (1009ms)
		SetupLoadedEditorAssemblies (0ms)
			BeforeProcessingInitializeOnLoad (128ms)
			ProcessInitializeOnLoadAttributes (391ms)
			ProcessInitializeOnLoadMethodAttributes (168ms)
			AfterProcessingInitializeOnLoad (7ms)
		AwakeInstancesAfterBackupRestoration (25ms)
Refreshing native plugins compatible for Editor in 14.14 ms, found 3 plugins.
Unloading 22 Unused Serialized files (Serialized files now loaded: 0)
Unloading 6968 unused Assets / (6.5 MB). Loaded Objects now: 7826.
Memory consumption went from 373.2 MB to 366.6 MB.
Total: 13.943900 ms (FindLiveObjects: 0.728700 ms CreateObjectMapping: 2.892200 ms MarkObjects: 6.779100 ms  DeleteObjects: 3.542100 ms)

Prepare: number of updated asset objects reloaded= 0
========================================================================
Received Prepare
AcceleratorClientConnectionCallback - disconnected - :0
Begin MonoManager ReloadAssembly
Symbol file LoadedFromMemory is not a mono symbol file
Refreshing native plugins compatible for Editor in 16.37 ms, found 3 plugins.
Native extension for WindowsStandalone target not found
[Package Manager] Failed to launch server process. Reason: Unity was launched with the -noUpm command-line argument
[Package Manager] Unable to send message (not connected to server process).
[Package Manager] Cannot connect to Unity Package Manager local server
[Package Manager] Failed to launch server process. Reason: Unity was launched with the -noUpm command-line argument
[Package Manager] Unable to send message (not connected to server process).
[Package Manager] Cannot connect to Unity Package Manager local server
ScheduleIndexationOnStartup MainProcess:False IndexOnStartup:True
Mono: successfully reloaded assembly
- Finished resetting the current domain, in  0.848 seconds
Domain Reload Profiling: 1708ms
	BeginReloadAssembly (254ms)
		DisableScriptedObjects (6ms)
		CreateAndSetChildDomain (52ms)
	RebuildCommonClasses (11ms)
	RebuildNativeTypeToScriptingClass (21ms)
	initialDomainReloadingComplete (90ms)
	LoadAllAssembliesAndSetupDomain (483ms)
		LoadAssemblies (468ms)
		AnalyzeDomain (22ms)
			TypeCache.Refresh (8ms)
			ResolveRequiredComponents (9ms)
	FinalizeReload (849ms)
		SetupLoadedEditorAssemblies (0ms)
			BeforeProcessingInitializeOnLoad (92ms)
			ProcessInitializeOnLoadAttributes (339ms)
			ProcessInitializeOnLoadMethodAttributes (161ms)
			AfterProcessingInitializeOnLoad (7ms)
		AwakeInstancesAfterBackupRestoration (22ms)
Refreshing native plugins compatible for Editor in 11.41 ms, found 3 plugins.
Unloading 22 Unused Serialized files (Serialized files now loaded: 0)
Unloading 6968 unused Assets / (6.6 MB). Loaded Objects now: 7829.
Memory consumption went from 377.3 MB to 370.7 MB.
Total: 13.165100 ms (FindLiveObjects: 0.691900 ms CreateObjectMapping: 2.803800 ms MarkObjects: 6.523400 ms  DeleteObjects: 3.143700 ms)

Prepare: number of updated asset objects reloaded= 0
========================================================================
Received Prepare
AcceleratorClientConnectionCallback - disconnected - :0
Refreshing native plugins compatible for Editor in 14.87 ms, found 3 plugins.
Unloading 22 Unused Serialized files (Serialized files now loaded: 0)
Unloading 6894 unused Assets / (6.4 MB). Loaded Objects now: 7829.
Memory consumption went from 380.5 MB to 374.1 MB.
Total: 13.169800 ms (FindLiveObjects: 0.931800 ms CreateObjectMapping: 3.402200 ms MarkObjects: 5.154300 ms  DeleteObjects: 3.679500 ms)

Prepare: number of updated asset objects reloaded= 0
========================================================================
Received Prepare
AcceleratorClientConnectionCallback - disconnected - :0
[Licensing::Client] Successfully resolved entitlement details
Begin MonoManager ReloadAssembly
Symbol file LoadedFromMemory is not a mono symbol file
Refreshing native plugins compatible for Editor in 19.23 ms, found 3 plugins.
Native extension for WindowsStandalone target not found
[Package Manager] Failed to launch server process. Reason: Unity was launched with the -noUpm command-line argument
[Package Manager] Unable to send message (not connected to server process).
[Package Manager] Cannot connect to Unity Package Manager local server
[Package Manager] Failed to launch server process. Reason: Unity was launched with the -noUpm command-line argument
[Package Manager] Unable to send message (not connected to server process).
[Package Manager] Cannot connect to Unity Package Manager local server
ScheduleIndexationOnStartup MainProcess:False IndexOnStartup:True
Mono: successfully reloaded assembly
- Finished resetting the current domain, in  0.996 seconds
Domain Reload Profiling: 2387ms
	BeginReloadAssembly (356ms)
		DisableScriptedObjects (12ms)
		CreateAndSetChildDomain (70ms)
	RebuildCommonClasses (12ms)
	RebuildNativeTypeToScriptingClass (25ms)
	initialDomainReloadingComplete (124ms)
	LoadAllAssembliesAndSetupDomain (873ms)
		LoadAssemblies (560ms)
		AnalyzeDomain (294ms)
			TypeCache.Refresh (17ms)
				TypeCache.ScanAssembly (3ms)
			BuildScriptInfoCaches (261ms)
			ResolveRequiredComponents (13ms)
	FinalizeReload (997ms)
		SetupLoadedEditorAssemblies (0ms)
			InitializePlatformSupportModulesInManaged (3ms)
			BeforeProcessingInitializeOnLoad (106ms)
			ProcessInitializeOnLoadAttributes (395ms)
			ProcessInitializeOnLoadMethodAttributes (193ms)
			AfterProcessingInitializeOnLoad (9ms)
		AwakeInstancesAfterBackupRestoration (32ms)
Refreshing native plugins compatible for Editor in 17.80 ms, found 3 plugins.
Unloading 22 Unused Serialized files (Serialized files now loaded: 0)
Unloading 6968 unused Assets / (6.8 MB). Loaded Objects now: 7832.
Memory consumption went from 386.9 MB to 380.1 MB.
Total: 15.021100 ms (FindLiveObjects: 0.701300 ms CreateObjectMapping: 3.326000 ms MarkObjects: 6.554500 ms  DeleteObjects: 4.437800 ms)

Prepare: number of updated asset objects reloaded= 0
========================================================================
Received Prepare
AcceleratorClientConnectionCallback - disconnected - :0
Refreshing native plugins compatible for Editor in 17.41 ms, found 3 plugins.
Unloading 22 Unused Serialized files (Serialized files now loaded: 0)
Unloading 6894 unused Assets / (6.4 MB). Loaded Objects now: 7832.
Memory consumption went from 390.1 MB to 383.7 MB.
Total: 111.557900 ms (FindLiveObjects: 0.857800 ms CreateObjectMapping: 3.100600 ms MarkObjects: 104.019700 ms  DeleteObjects: 3.578200 ms)

Prepare: number of updated asset objects reloaded= 0
========================================================================
Received Prepare
AcceleratorClientConnectionCallback - disconnected - :0
Begin MonoManager ReloadAssembly
Symbol file LoadedFromMemory is not a mono symbol file
Refreshing native plugins compatible for Editor in 18.67 ms, found 3 plugins.
Native extension for WindowsStandalone target not found
[Package Manager] Failed to launch server process. Reason: Unity was launched with the -noUpm command-line argument
[Package Manager] Unable to send message (not connected to server process).
[Package Manager] Cannot connect to Unity Package Manager local server
[Package Manager] Failed to launch server process. Reason: Unity was launched with the -noUpm command-line argument
[Package Manager] Unable to send message (not connected to server process).
[Package Manager] Cannot connect to Unity Package Manager local server
ScheduleIndexationOnStartup MainProcess:False IndexOnStartup:True
Mono: successfully reloaded assembly
- Finished resetting the current domain, in  0.889 seconds
Domain Reload Profiling: 2154ms
	BeginReloadAssembly (340ms)
		DisableScriptedObjects (10ms)
		CreateAndSetChildDomain (66ms)
	RebuildCommonClasses (13ms)
	RebuildNativeTypeToScriptingClass (21ms)
	initialDomainReloadingComplete (105ms)
	LoadAllAssembliesAndSetupDomain (785ms)
		LoadAssemblies (535ms)
		AnalyzeDomain (247ms)
			TypeCache.Refresh (14ms)
			BuildScriptInfoCaches (220ms)
			ResolveRequiredComponents (11ms)
	FinalizeReload (890ms)
		SetupLoadedEditorAssemblies (0ms)
			BeforeProcessingInitializeOnLoad (95ms)
			ProcessInitializeOnLoadAttributes (346ms)
			ProcessInitializeOnLoadMethodAttributes (167ms)
			AfterProcessingInitializeOnLoad (9ms)
		AwakeInstancesAfterBackupRestoration (22ms)
Refreshing native plugins compatible for Editor in 14.73 ms, found 3 plugins.
Unloading 22 Unused Serialized files (Serialized files now loaded: 0)
Unloading 6968 unused Assets / (6.2 MB). Loaded Objects now: 7835.
Memory consumption went from 395.3 MB to 389.1 MB.
Total: 12.522900 ms (FindLiveObjects: 0.782200 ms CreateObjectMapping: 3.434300 ms MarkObjects: 5.413000 ms  DeleteObjects: 2.891600 ms)

Prepare: number of updated asset objects reloaded= 0
========================================================================
Received Prepare
AcceleratorClientConnectionCallback - disconnected - :0
Begin MonoManager ReloadAssembly
Symbol file LoadedFromMemory is not a mono symbol file
Refreshing native plugins compatible for Editor in 16.39 ms, found 3 plugins.
Native extension for WindowsStandalone target not found
[Package Manager] Failed to launch server process. Reason: Unity was launched with the -noUpm command-line argument
[Package Manager] Unable to send message (not connected to server process).
[Package Manager] Cannot connect to Unity Package Manager local server
[Package Manager] Failed to launch server process. Reason: Unity was launched with the -noUpm command-line argument
[Package Manager] Unable to send message (not connected to server process).
[Package Manager] Cannot connect to Unity Package Manager local server
ScheduleIndexationOnStartup MainProcess:False IndexOnStartup:True
Mono: successfully reloaded assembly
- Finished resetting the current domain, in  0.860 seconds
Domain Reload Profiling: 1684ms
	BeginReloadAssembly (255ms)
		DisableScriptedObjects (6ms)
		CreateAndSetChildDomain (50ms)
	RebuildCommonClasses (10ms)
	RebuildNativeTypeToScriptingClass (17ms)
	initialDomainReloadingComplete (81ms)
	LoadAllAssembliesAndSetupDomain (459ms)
		LoadAssemblies (432ms)
		AnalyzeDomain (21ms)
			TypeCache.Refresh (9ms)
			ResolveRequiredComponents (9ms)
	FinalizeReload (861ms)
		SetupLoadedEditorAssemblies (0ms)
			BeforeProcessingInitializeOnLoad (93ms)
			ProcessInitializeOnLoadAttributes (345ms)
			ProcessInitializeOnLoadMethodAttributes (157ms)
			AfterProcessingInitializeOnLoad (7ms)
		AwakeInstancesAfterBackupRestoration (24ms)
Refreshing native plugins compatible for Editor in 14.99 ms, found 3 plugins.
Unloading 22 Unused Serialized files (Serialized files now loaded: 0)
Unloading 6968 unused Assets / (7.2 MB). Loaded Objects now: 7838.
Memory consumption went from 399.4 MB to 392.2 MB.
Total: 13.465800 ms (FindLiveObjects: 0.765300 ms CreateObjectMapping: 3.036100 ms MarkObjects: 5.799600 ms  DeleteObjects: 3.862800 ms)

Prepare: number of updated asset objects reloaded= 0
Editor requested this worker to shutdown with reason: Editor is closing down
AcceleratorClientConnectionCallback - disconnected - :0
AssetImportWorker is now disconnected from the server
Process exiting
Exiting without the bug reporter. Application will terminate with return code 0