[Licensing::Module] Trying to connect to existing licensing client channel...
Built from '6000.5/staging' branch; Version is '6000.5.3f1 (c2eb47b3a2a9) revision 12774215'; Using compiler version '194234433'; Build Type 'Release'
[Licensing::IpcConnector] Successfully connected to: "LicenseClient-SANDERB7" at "2026-07-18T20:40:29.1378024Z"
OS: 'Windows 11  (10.0.26200) Enterprise' Language: 'en' Physical Memory: 65206 MB
BatchMode: 0, IsHumanControllingUs: 1, StartBugReporterOnCrash: 1, Is64bit: 1
System  architecture: x64
Process architecture: x64
Date: 2026-07-18T20:40:29Z

COMMAND LINE ARGUMENTS:
C:\Program Files\Unity\Hub\Editor\6000.5.3f1\Editor\Unity.exe
-projectpath
C:\GITHUBProjects\VCL_V6
-acceptSoftwareTermsForThisRunOnly
-useHub
-hubIPC
-cloudEnvironment
production
-licensingIpc
LicenseClient-SANDERB7
-hubSessionId
28f07000-bd16-4ab3-affb-f136f56f196c
-accessToken
cz30mCjmxjcOW93gs0IXmuSXEpXUGlmwic17IskWyX0002f
Successfully changed project path to: C:\GITHUBProjects\VCL_V6
C:/GITHUBProjects/VCL_V6
[UnityMemory] Configuration Parameters - Can be set up in boot.config
    "memorysetup-temp-allocator-size-gi-baking-worker=262144"
    "memorysetup-temp-allocator-size-gi-baking-worker=262144"
    "memorysetup-temp-allocator-size-gi-baking-worker=262144"
    "memorysetup-temp-allocator-size-gi-baking-worker=262144"
    "memorysetup-temp-allocator-size-gi-baking-worker=262144"
    "memorysetup-temp-allocator-size-nav-mesh-worker=65536"
    "memorysetup-temp-allocator-size-audio-worker=65536"
    "memorysetup-temp-allocator-size-cloud-worker=32768"
    "memorysetup-temp-allocator-size-gfx=262144"
    "memorysetup-temp-allocator-size-preload-manager=33554432"
    "memorysetup-allocator-temp-initial-block-size-main=262144"
    "memorysetup-allocator-temp-initial-block-size-worker=262144"
    "memorysetup-temp-allocator-size-job-worker=262144"
    "memorysetup-temp-allocator-size-background-worker=32768"
    "memorysetup-bucket-allocator-granularity=16"
    "memorysetup-bucket-allocator-bucket-count=8"
    "memorysetup-bucket-allocator-block-size=33554432"
    "memorysetup-bucket-allocator-block-count=8"
    "memorysetup-main-allocator-block-size=16777216"
    "memorysetup-thread-allocator-block-size=16777216"
    "memorysetup-main-allocator-mimalloc-enabled=0"
    "memorysetup-gfx-main-allocator-block-size=16777216"
    "memorysetup-gfx-thread-allocator-block-size=16777216"
    "memorysetup-cache-allocator-block-size=4194304"
    "memorysetup-typetree-allocator-block-size=2097152"
    "memorysetup-profiler-bucket-allocator-granularity=16"
    "memorysetup-profiler-bucket-allocator-bucket-count=8"
    "memorysetup-profiler-bucket-allocator-block-size=33554432"
    "memorysetup-profiler-bucket-allocator-block-count=8"
    "memorysetup-profiler-allocator-block-size=16777216"
    "memorysetup-profiler-editor-allocator-block-size=1048576"
    "memorysetup-temp-allocator-size-main=16777216"
    "memorysetup-job-temp-allocator-block-size=2097152"
    "memorysetup-job-temp-allocator-block-size-background=1048576"
    "memorysetup-job-temp-allocator-reduction-small-platforms=262144"
Player connection [38984]  Target information:

Player connection [38984]  * "[IP] 192.168.1.158 [Port] 55504 [Flags] 2 [Guid] 1922537571 [EditorId] 1922537571 [Version] 1048832 [Id] WindowsEditor(7,WW-4J55SQ3) [Debug] 1 [PackageName] WindowsEditor [ProjectName] Editor" 

Player connection [38984] Host joined multi-casting on [225.0.0.222:54997]...
Player connection [38984] Host joined alternative multi-casting on [225.0.0.222:34997]...
Input System module state changed to: Initialized.
[Physics::Module] Initialized fallback backend.
[Physics::Module] Id: 0xdecafbad
[Package Manager] Connected to IPC stream "Upm-39036" after 0.4 seconds.
[Licensing::Module] Licensing is not yet initialized.
[Licensing::Client] Error: HandshakeResponse reported an error:
	ResponseCode: 505
	ResponseStatus: Unsupported protocol version '1.18.1'.
[Licensing::Module] Error: Failed to handshake to channel: "LicenseClient-SANDERB7"
[Licensing::IpcConnector] LicenseClient-SANDERB7 channel disconnected successfully.
[Licensing::IpcConnector] Channel LicenseClient-SANDERB7-6000.5.3 doesn't exist
[Licensing::Module] Successfully launched the LicensingClient (PId: 34692)
Starting IPC server.
Waiting for clients to connect on \\.\pipe\Unity-LicenseClient-SANDERB7-6000.5.3, press Ctrl-C to exit.
[Licensing::IpcConnector] Successfully connected to: "LicenseClient-SANDERB7-6000.5.3" at "2026-07-18T20:40:32.0137934Z"
[Licensing::Client] Code 10 while verifying Licensing Client signature (process Id: 34692, path: "C:/Program Files/Unity/Hub/Editor/6000.5.3f1/Editor/Data/Resources/Licensing/Client/Unity.Licensing.Client.exe")
[Licensing::Module] LicensingClient has failed validation; ignoring
[Licensing::Client] Handshaking with LicensingClient:
  Version:                 1.18.1+9fbee8e
  Session Id:              d77af401d40e4d82961de618f0daabb6
  Correlation Id:          098673790db8ee914eb0b13bba965806
  External correlation Id: 7360489128807909286
  Machine Id:              xfS15U/JigKcG5rBATI6XDPNZAE=
[Licensing::Module] Successfully connected to LicensingClient on channel: "LicenseClient-SANDERB7-6000.5.3" (connect: 0.37s, validation: 0.76s, handshake: 0.01s)
[Licensing::IpcConnector] Successfully connected to: "LicenseClient-SANDERB7-6000.5.3-notifications" at "2026-07-18T20:40:32.7785251Z"
[Licensing::Module] Connected to LicensingClient (PId: 34692, launch time: 0.13, total connection time: 1.14s)
[Licensing::Client] Successfully updated the access token
[Licensing::Module] Successfully updated the access token cz30mCjmxj...
[Licensing::Client] Successfully resolved entitlement details
[Licensing::Module] License group:
  Id: 2883364-UnityPersXXXX
  Product: Unity Personal
  Type: Assigned
  Expiration: Unlimited
[Licensing::Client] Successfully updated license, isAsync: True, time: 0.01
[Licensing::Client] Successfully resolved entitlement details
[Licensing::Module] Licensing Background thread has ended after 3.70s
[Licensing::Module] Licensing is initialized (took 2.60s).
[Licensing::Client] Successfully resolved entitlement details
Library Redirect Path: Library/
[Physics::Module] Selected backend.
[Physics::Module] Name: PhysX
[Physics::Module] Id: 0xf2b8ea05
[Physics::Module] SDK Version: 4.1.2
[Physics::Module] Integration Version: 1.0.0
[Physics::Module] Threading Mode: Multi-Threaded
Refreshing native plugins compatible for Editor in 2.26 ms, found 0 plugins.
Initialize engine version: 6000.5.3f1 (c2eb47b3a2a9)
[Subsystems] Discovering subsystems at path C:/Program Files/Unity/Hub/Editor/6000.5.3f1/Editor/Data/Resources/UnitySubsystems
[Subsystems] Discovering subsystems at path C:/GITHUBProjects/VCL_V6/Assets
GfxDevice: creating device client; kGfxThreadingModeThreaded
Direct3D:
    Version:  Direct3D 11.0 [level 11.1]
    Renderer: NVIDIA GeForce RTX 3080 Ti Laptop GPU (ID=0x2460)
    Vendor:   NVIDIA
    VRAM:     16173 MB
    Driver:   32.0.15.9608
Initialize mono
Mono path[0] = 'C:/Program Files/Unity/Hub/Editor/6000.5.3f1/Editor/Data/Managed'
Mono path[1] = 'C:/Program Files/Unity/Hub/Editor/6000.5.3f1/Editor/Data/BCLExtensions/runtime/netstandard2.1'
Mono path[2] = 'C:/Program Files/Unity/Hub/Editor/6000.5.3f1/Editor/Data/MonoBleedingEdge/lib/mono/unityjit-win32'
Mono config path = 'C:/Program Files/Unity/Hub/Editor/6000.5.3f1/Editor/Data/MonoBleedingEdge/etc'
Using monoOptions --debugger-agent=transport=dt_socket,embedding=1,server=y,suspend=n,address=127.0.0.1:56036
CodeReloadManager initialized
ImportWorker Server TCP listen port: 0
AcceleratorClientConnectionCallback - disconnected - :0
Begin MonoManager ReloadAssembly
Registering precompiled unity dll's ...
Register platform support module: C:/Program Files/Unity/Hub/Editor/6000.5.3f1/Editor/Data/PlaybackEngines/WindowsStandaloneSupport/UnityEditor.WindowsStandalone.Extensions.dll
Registered in 0.001754 seconds.
Native extension for WindowsStandalone target not found
Package Manager log level set to [2]
ScheduleIndexationOnStartup MainProcess:False IndexOnStartup:True
Mono: successfully reloaded assembly
- Finished resetting the current domain, in  0.333 seconds
Domain Reload Profiling: 797ms
	BeginReloadAssembly (128ms)
	RebuildCommonClasses (5ms)
	RebuildNativeTypeToScriptingClass (17ms)
	initialDomainReloadingComplete (58ms)
	LoadAllAssembliesAndSetupDomain (253ms)
		LoadAssemblies (124ms)
		AnalyzeDomain (187ms)
			TypeCache.Refresh (186ms)
				TypeCache.ScanAssembly (172ms)
	FinalizeReload (335ms)
		SetupLoadedEditorAssemblies (0ms)
			BeforeProcessingInitializeOnLoad (70ms)
			ProcessInitializeOnLoadAttributes (79ms)
			ProcessInitializeOnLoadMethodAttributes (120ms)
[Licensing::Client] Successfully resolved entitlement details
Application.AssetDatabase Initial Refresh Start
[Package Manager] Restoring resolved packages state from cache
[Licensing::Client] Successfully resolved entitlement details
[Package Manager] Registered 65 packages:
  Packages from [https://packages.unity.com]:
    com.unity.ads@4.19.0 (location: C:\GITHUBProjects\VCL_V6\Library\PackageCache\com.unity.ads@dbd68e7e78e9)
    com.unity.ai.navigation@2.0.14 (location: C:\GITHUBProjects\VCL_V6\Library\PackageCache\com.unity.ai.navigation@134dd6a3b97b)
    com.unity.analytics@3.8.2 (location: C:\GITHUBProjects\VCL_V6\Library\PackageCache\com.unity.analytics@c9d14a6bdec6)
    com.unity.collab-proxy@2.12.4 (location: C:\GITHUBProjects\VCL_V6\Library\PackageCache\com.unity.collab-proxy@0b1559bcd34e)
    com.unity.ide.rider@3.0.40 (location: C:\GITHUBProjects\VCL_V6\Library\PackageCache\com.unity.ide.rider@e4950c6d131b)
    com.unity.ide.visualstudio@2.0.27 (location: C:\GITHUBProjects\VCL_V6\Library\PackageCache\com.unity.ide.visualstudio@dc1ddd4f09b6)
    com.unity.ide.vscode@1.2.5 (location: C:\GITHUBProjects\VCL_V6\Library\PackageCache\com.unity.ide.vscode@82e68656b7bd)
    com.unity.inputsystem@1.19.0 (location: C:\GITHUBProjects\VCL_V6\Library\PackageCache\com.unity.inputsystem@21a28c3a6c83)
    com.unity.purchasing@5.4.1 (location: C:\GITHUBProjects\VCL_V6\Library\PackageCache\com.unity.purchasing@db17cc2e78b3)
    com.unity.timeline@1.8.12 (location: C:\GITHUBProjects\VCL_V6\Library\PackageCache\com.unity.timeline@8cd8509afae5)
    com.unity.services.core@1.18.0 (location: C:\GITHUBProjects\VCL_V6\Library\PackageCache\com.unity.services.core@3464cb68d709)
    com.unity.services.analytics@6.3.0 (location: C:\GITHUBProjects\VCL_V6\Library\PackageCache\com.unity.services.analytics@cde4e6cf92f9)
    com.unity.searcher@4.9.4 (location: C:\GITHUBProjects\VCL_V6\Library\PackageCache\com.unity.searcher@d45a78918735)
    com.unity.burst@1.8.29 (location: C:\GITHUBProjects\VCL_V6\Library\PackageCache\com.unity.burst@6bb9aca3ef38)
    com.unity.nuget.newtonsoft-json@3.2.2 (location: C:\GITHUBProjects\VCL_V6\Library\PackageCache\com.unity.nuget.newtonsoft-json@4dfd81071c64)
    com.unity.nuget.mono-cecil@1.11.6 (location: C:\GITHUBProjects\VCL_V6\Library\PackageCache\com.unity.nuget.mono-cecil@ecb9724e46ff)
    com.unity.test-framework.performance@3.5.0 (location: C:\GITHUBProjects\VCL_V6\Library\PackageCache\com.unity.test-framework.performance@8b56083ec0f0)
  Built-in packages:
    com.unity.2d.sprite@1.0.0 (location: C:\GITHUBProjects\VCL_V6\Library\PackageCache\com.unity.2d.sprite@053a968eab56)
    com.unity.2d.tilemap@1.0.0 (location: C:\GITHUBProjects\VCL_V6\Library\PackageCache\com.unity.2d.tilemap@592c6ccaefe1)
    com.unity.multiplayer.center@1.0.1 (location: C:\GITHUBProjects\VCL_V6\Library\PackageCache\com.unity.multiplayer.center@b860850997d0)
    com.unity.render-pipelines.universal@17.5.0 (location: C:\GITHUBProjects\VCL_V6\Library\PackageCache\com.unity.render-pipelines.universal@276396f56b3f)
    com.unity.test-framework@1.7.0 (location: C:\GITHUBProjects\VCL_V6\Library\PackageCache\com.unity.test-framework@1405238725ab)
    com.unity.ugui@2.5.0 (location: C:\GITHUBProjects\VCL_V6\Library\PackageCache\com.unity.ugui@377fd60ad87b)
    com.unity.modules.accessibility@1.0.0 (location: C:\GITHUBProjects\VCL_V6\Library\PackageCache\com.unity.modules.accessibility)
    com.unity.modules.adaptiveperformance@1.0.0 (location: C:\GITHUBProjects\VCL_V6\Library\PackageCache\com.unity.modules.adaptiveperformance)
    com.unity.modules.ai@1.0.0 (location: C:\GITHUBProjects\VCL_V6\Library\PackageCache\com.unity.modules.ai)
    com.unity.modules.androidjni@1.0.0 (location: C:\GITHUBProjects\VCL_V6\Library\PackageCache\com.unity.modules.androidjni)
    com.unity.modules.animation@1.0.0 (location: C:\GITHUBProjects\VCL_V6\Library\PackageCache\com.unity.modules.animation)
    com.unity.modules.assetbundle@1.0.0 (location: C:\GITHUBProjects\VCL_V6\Library\PackageCache\com.unity.modules.assetbundle)
    com.unity.modules.audio@1.0.0 (location: C:\GITHUBProjects\VCL_V6\Library\PackageCache\com.unity.modules.audio)
    com.unity.modules.cloth@1.0.0 (location: C:\GITHUBProjects\VCL_V6\Library\PackageCache\com.unity.modules.cloth)
    com.unity.modules.director@1.0.0 (location: C:\GITHUBProjects\VCL_V6\Library\PackageCache\com.unity.modules.director)
    com.unity.modules.imageconversion@1.0.0 (location: C:\GITHUBProjects\VCL_V6\Library\PackageCache\com.unity.modules.imageconversion)
    com.unity.modules.imgui@1.0.0 (location: C:\GITHUBProjects\VCL_V6\Library\PackageCache\com.unity.modules.imgui)
    com.unity.modules.jsonserialize@1.0.0 (location: C:\GITHUBProjects\VCL_V6\Library\PackageCache\com.unity.modules.jsonserialize)
    com.unity.modules.particlesystem@1.0.0 (location: C:\GITHUBProjects\VCL_V6\Library\PackageCache\com.unity.modules.particlesystem)
    com.unity.modules.physics@1.0.0 (location: C:\GITHUBProjects\VCL_V6\Library\PackageCache\com.unity.modules.physics)
    com.unity.modules.physics2d@1.0.0 (location: C:\GITHUBProjects\VCL_V6\Library\PackageCache\com.unity.modules.physics2d)
    com.unity.modules.physicscore2d@1.0.0 (location: C:\GITHUBProjects\VCL_V6\Library\PackageCache\com.unity.modules.physicscore2d)
    com.unity.modules.screencapture@1.0.0 (location: C:\GITHUBProjects\VCL_V6\Library\PackageCache\com.unity.modules.screencapture)
    com.unity.modules.terrain@1.0.0 (location: C:\GITHUBProjects\VCL_V6\Library\PackageCache\com.unity.modules.terrain)
    com.unity.modules.terrainphysics@1.0.0 (location: C:\GITHUBProjects\VCL_V6\Library\PackageCache\com.unity.modules.terrainphysics)
    com.unity.modules.tilemap@1.0.0 (location: C:\GITHUBProjects\VCL_V6\Library\PackageCache\com.unity.modules.tilemap)
    com.unity.modules.ui@1.0.0 (location: C:\GITHUBProjects\VCL_V6\Library\PackageCache\com.unity.modules.ui)
    com.unity.modules.uielements@1.0.0 (location: C:\GITHUBProjects\VCL_V6\Library\PackageCache\com.unity.modules.uielements)
    com.unity.modules.umbra@1.0.0 (location: C:\GITHUBProjects\VCL_V6\Library\PackageCache\com.unity.modules.umbra)
    com.unity.modules.unityanalytics@1.0.0 (location: C:\GITHUBProjects\VCL_V6\Library\PackageCache\com.unity.modules.unityanalytics)
    com.unity.modules.unitywebrequest@1.0.0 (location: C:\GITHUBProjects\VCL_V6\Library\PackageCache\com.unity.modules.unitywebrequest)
    com.unity.modules.unitywebrequestassetbundle@1.0.0 (location: C:\GITHUBProjects\VCL_V6\Library\PackageCache\com.unity.modules.unitywebrequestassetbundle)
    com.unity.modules.unitywebrequestaudio@1.0.0 (location: C:\GITHUBProjects\VCL_V6\Library\PackageCache\com.unity.modules.unitywebrequestaudio)
    com.unity.modules.unitywebrequesttexture@1.0.0 (location: C:\GITHUBProjects\VCL_V6\Library\PackageCache\com.unity.modules.unitywebrequesttexture)
    com.unity.modules.unitywebrequestwww@1.0.0 (location: C:\GITHUBProjects\VCL_V6\Library\PackageCache\com.unity.modules.unitywebrequestwww)
    com.unity.modules.vectorgraphics@1.0.0 (location: C:\GITHUBProjects\VCL_V6\Library\PackageCache\com.unity.modules.vectorgraphics)
    com.unity.modules.vehicles@1.0.0 (location: C:\GITHUBProjects\VCL_V6\Library\PackageCache\com.unity.modules.vehicles)
    com.unity.modules.video@1.0.0 (location: C:\GITHUBProjects\VCL_V6\Library\PackageCache\com.unity.modules.video)
    com.unity.modules.wind@1.0.0 (location: C:\GITHUBProjects\VCL_V6\Library\PackageCache\com.unity.modules.wind)
    com.unity.modules.xr@1.0.0 (location: C:\GITHUBProjects\VCL_V6\Library\PackageCache\com.unity.modules.xr)
    com.unity.modules.subsystems@1.0.0 (location: C:\GITHUBProjects\VCL_V6\Library\PackageCache\com.unity.modules.subsystems)
    com.unity.modules.hierarchycore@1.0.0 (location: C:\GITHUBProjects\VCL_V6\Library\PackageCache\com.unity.modules.hierarchycore)
    com.unity.ext.nunit@2.1.0 (location: C:\GITHUBProjects\VCL_V6\Library\PackageCache\com.unity.ext.nunit@44f7d31723bd)
    com.unity.render-pipelines.core@17.5.0 (location: C:\GITHUBProjects\VCL_V6\Library\PackageCache\com.unity.render-pipelines.core@0733e3164aa3)
    com.unity.shadergraph@17.5.0 (location: C:\GITHUBProjects\VCL_V6\Library\PackageCache\com.unity.shadergraph@8aa9acb51790)
    com.unity.render-pipelines.universal-config@17.5.0 (location: C:\GITHUBProjects\VCL_V6\Library\PackageCache\com.unity.render-pipelines.universal-config@fdda01c80fe3)
    com.unity.collections@6.5.0 (location: C:\GITHUBProjects\VCL_V6\Library\PackageCache\com.unity.collections@a43cabe808ca)
    com.unity.mathematics@1.4.0 (location: C:\GITHUBProjects\VCL_V6\Library\PackageCache\com.unity.mathematics@981956d94fb6)
[Package Manager] com.unity.ide.vscode is deprecated: Visual Studio Code package is not supported anymore. You can continue to use it, but we won't provide any update anymore.
[Subsystems] No new subsystems found in resolved package list.
[Package Manager] Done registering packages in 0.08 seconds
info: Microsoft.Hosting.Lifetime[14]
      Now listening on: http://localhost:80
info: Microsoft.Hosting.Lifetime[0]
      Application started. Press Ctrl+C to shut down.
info: Microsoft.Hosting.Lifetime[0]
      Hosting environment: Production
info: Microsoft.Hosting.Lifetime[0]
      Content root path: C:\GITHUBProjects\VCL_V6
info: Microsoft.AspNetCore.Hosting.Diagnostics[1]
      Request starting HTTP/2 POST http://ilpp/UnityILPP.PostProcessing/Ping - application/grpc -
info: Microsoft.AspNetCore.Routing.EndpointMiddleware[0]
      Executing endpoint 'gRPC - /UnityILPP.PostProcessing/Ping'
info: Microsoft.AspNetCore.Routing.EndpointMiddleware[1]
      Executed endpoint 'gRPC - /UnityILPP.PostProcessing/Ping'
info: Microsoft.AspNetCore.Hosting.Diagnostics[2]
      Request finished HTTP/2 POST http://ilpp/UnityILPP.PostProcessing/Ping - 200 - application/grpc 34.3915ms
Starting: C:\Program Files\Unity\Hub\Editor\6000.5.3f1\Editor\Data\Tools\BuildPipeline\bee_backend.exe --ipc --defer-dag-verification --dagfile="Library/Bee/1900b0aE.dag" --continue-on-failure --profile="Library/Bee/backend1.traceevents" ScriptAssemblies
WorkingDir: C:/GITHUBProjects/VCL_V6
info: Microsoft.AspNetCore.Hosting.Diagnostics[1]
      Request starting HTTP/2 POST http://ilpp/UnityILPP.PostProcessing/ConfigurePostProcessors - application/grpc -
info: Microsoft.AspNetCore.Routing.EndpointMiddleware[0]
      Executing endpoint 'gRPC - /UnityILPP.PostProcessing/ConfigurePostProcessors'
warn: Unity.ILPP.Runner.PostProcessingAssemblyLoadContext[0]
      Assembly system.runtime.interopservices.windowsruntime has duplicate hint path. Ignoring "C:\Program Files\Unity\Hub\Editor\6000.5.3f1\Editor\Data\UnityReferenceAssemblies\unity-4.8-api\Facades\System.Runtime.InteropServices.WindowsRuntime.dll" in favor of "C:\Program Files\Unity\Hub\Editor\6000.5.3f1\Editor\Data\NetStandard\Extensions\2.0.0\System.Runtime.InteropServices.WindowsRuntime.dll"
warn: Unity.ILPP.Runner.PostProcessingAssemblyLoadContext[0]
      Assembly system.componentmodel.composition has duplicate hint path. Ignoring "C:\Program Files\Unity\Hub\Editor\6000.5.3f1\Editor\Data\UnityReferenceAssemblies\unity-4.8-api\System.ComponentModel.Composition.dll" in favor of "C:\Program Files\Unity\Hub\Editor\6000.5.3f1\Editor\Data\NetStandard\compat\2.1.0\shims\netfx\System.ComponentModel.Composition.dll"
info: Unity.ILPP.Runner.PostProcessingAssemblyLoadContext[0]
      Resolved Unity.Burst.Cecil, Version=0.11.6.0, Culture=neutral, PublicKeyToken=50cebf1cceb9d05e with Library\PackageCache\com.unity.burst@6bb9aca3ef38\Unity.Burst.CodeGen\Unity.Burst.Cecil.dll
info: Unity.ILPP.Runner.PostProcessingAssemblyLoadContext[0]
      Resolved Mono.Cecil, Version=0.11.5.0, Culture=neutral, PublicKeyToken=50cebf1cceb9d05e with Library\PackageCache\com.unity.nuget.mono-cecil@ecb9724e46ff\Mono.Cecil.dll
info: Microsoft.AspNetCore.Routing.EndpointMiddleware[1]
      Executed endpoint 'gRPC - /UnityILPP.PostProcessing/ConfigurePostProcessors'
info: Microsoft.AspNetCore.Hosting.Diagnostics[2]
      Request finished HTTP/2 POST http://ilpp/UnityILPP.PostProcessing/ConfigurePostProcessors - 200 - application/grpc 85.9476ms
ExitCode: 0 Duration: 1s71ms
[ 683/1289  0s] WriteResponseFile Library/Bee/artifacts/rsp/4747638433968585886.rsp
[ 994/1289  0s] ILPP-Configuration Library/ilpp-configuration.nevergeneratedoutput
*** Tundra build success (0.76 seconds), 2 items updated, 1289 evaluated
AssetDatabase: script compilation time: 1.853714s
Begin MonoManager ReloadAssembly
Symbol file LoadedFromMemory is not a mono symbol file
Refreshing native plugins compatible for Editor in 13.65 ms, found 3 plugins.
Native extension for WindowsStandalone target not found
Refreshing native plugins compatible for Editor in 11.76 ms, found 3 plugins.
ScheduleIndexationOnStartup MainProcess:True IndexOnStartup:True
Mono: successfully reloaded assembly
- Finished resetting the current domain, in  2.727 seconds
Domain Reload Profiling: 3791ms
	BeginReloadAssembly (358ms)
		DisableScriptedObjects (38ms)
		CreateAndSetChildDomain (156ms)
	RebuildCommonClasses (8ms)
	RebuildNativeTypeToScriptingClass (15ms)
	initialDomainReloadingComplete (71ms)
	LoadAllAssembliesAndSetupDomain (612ms)
		LoadAssemblies (379ms)
		AnalyzeDomain (240ms)
			TypeCache.Refresh (171ms)
				TypeCache.ScanAssembly (157ms)
			BuildScriptInfoCaches (60ms)
			ResolveRequiredComponents (7ms)
	FinalizeReload (2728ms)
		SetupLoadedEditorAssemblies (0ms)
			BeforeProcessingInitializeOnLoad (73ms)
			ProcessInitializeOnLoadAttributes (2047ms)
			ProcessInitializeOnLoadMethodAttributes (279ms)
			AfterProcessingInitializeOnLoad (7ms)
		AwakeInstancesAfterBackupRestoration (27ms)
Starting new worker id: 0 with log in C:/GITHUBProjects/VCL_V6/Logs/AssetImportWorkerHW0.log

Asset Pipeline Refresh (id=e7eab78c1a14a7a4cabd64c151bab6f9): Total: 6.926 seconds - Initiated by InitialRefreshV2(ForceSynchronousImport)
	(Values over 0.05ms)
	Summary:
		Imports: total=0 (actual=0, local cache=0, cache server=0)
		Asset DB Process Time: managed=0 ms, native=3762 ms
		Asset DB Callback time: managed=30 ms, native=85 ms
		Scripting: domain reloads=1, domain reload time=1136 ms, compile time=1856 ms, other=54 ms
		Project Asset Count: scripts=1911, non-scripts=4440
		Asset File Changes: new=0, changed=0, moved=0, deleted=0
		Scan Filter Count: 0
	InvokePackagesCallback: 88.224ms
	ApplyChangesToAssetFolders: 0.667ms
	Scan: 137.671ms
	Collect global state as custom dependencies: 4.012ms
	CategorizeScriptCompilationAssets: 36.469ms
	ProcessAssetsWithTransientArtifactChanges: 85.469ms
	CategorizeAssets: 69.252ms
	CompileScripts: 1856.105ms
	ImportOutOfDateAssets: 3232.743ms (2773.693ms without children)
		UnloadImportedAssets: 0.624ms
		EnsureUptoDateAssetsAreRegisteredWithGuidPM: 1.004ms
		ImportSchedulerStart: 457.378ms
	PostProcessAllAssets: 30.146ms
		MonoPostProcessAllAssets: 30.083ms
			UniversalRenderPipelineGlobalSettingsPostprocessor.OnPostprocessAllAssets 9.664ms
			SyncVS.PostprocessSyncProject 3.044ms
			WindowAssetPostprocessingWatcher.OnPostprocessAllAssets 1.680ms
			SpeedTree9Postprocessor.OnPostprocessAllAssets 1.564ms
			EditModeScopePostprocessor.OnPostprocessAllAssets 0.858ms
			RenderPipelineGlobalSettingsPostprocessor.OnPostprocessAllAssets 0.688ms
			ShaderReflectionAssetPostProcessor.OnPostprocessAllAssets 0.306ms
			ReferencedClipsPostProcessor.OnPostprocessAllAssets 0.249ms
			InputActionAssetPostprocessor.OnPostprocessAllAssets 0.224ms
			AssetDatabaseCallbacks.OnPostprocessAllAssets 0.210ms
			TerrainToolbarOverlayPostProcessor.OnPostprocessAllAssets 0.177ms
			AssetPostprocessorProxy.OnPostprocessAllAssets 0.155ms
			ProjectSettingsPostprocessor.OnPostprocessAllAssets 0.126ms
	UnloadStreamsBegin: 3.131ms
	PersistCurrentRevisions: 0.252ms
	GenerateScriptTypeHashes: 2.700ms
	GenerateScriptTypeSerializationHashes: 5.064ms
	Untracked: 1361.679ms

Application.AssetDatabase Initial Refresh End
Launched and connected shader compiler UnityShaderCompiler.exe after 0.04 seconds
Scanning for USB devices : 1.609ms
Initializing Unity extensions:
[MODES] ModeService[none].Initialize
[MODES] ModeService[none].LoadModes
[MODES] Loading mode Default (0) for mode-current-id-VCL_Windows
LightingSettings: switching bake backend from 2 to 1.
Unloading 37 Unused Serialized files (Serialized files now loaded: 0)
Loaded scene 'Assets/Scenes/Navigation/StartUpScene.unity'
	Deserialize:            38.937 ms
	Integration:            266.255 ms
	Integration of assets:  3.409 ms
	Thread Wait Time:       0.230 ms
	Total Operation Time:   308.830 ms
Unloading 6983 unused Assets / (8.1 MB). Loaded Objects now: 7995.
Memory consumption went from 451.6 MB to 443.4 MB.
Total: 17.976400 ms (FindLiveObjects: 0.710100 ms CreateObjectMapping: 2.988000 ms MarkObjects: 6.312400 ms  DeleteObjects: 7.962600 ms)

[LAYOUT] About to load UserSettings\Layouts\default-6000.dwlt, keepMainWindow=False
[LAYOUT] About to save layout C:\GITHUBProjects\VCL_V6\UserSettings\Layouts\default-6000.dwlt
[LAYOUT] About to save layout C:/Users/SANDERB7/AppData/Roaming/Unity/Editor-5.x/Preferences\Layouts\current\default-6000.dwlt
[MODES] ModeService[default].InitializeCurrentMode
[MODES] ModeService[default].RaiseModeChanged(default, default)
This project uses Input Manager, which is marked for deprecation. To manage input in your project, use the <a href="https://docs.unity3d.com/Packages/com.unity.inputsystem@latest">Input System package</a> instead.
<RI> Initializing input.
Using Windows.Gaming.Input
XInput1_3.dll not found. Trying XInput9_1_0.dll instead...
<RI> Input initialized.
[Project] Loading completed in 14.622 seconds
	Project init time: 				13.063 seconds
		Template init time: 		0.000 seconds
		Package Manager init time: 		3.032 seconds
		Asset Database init time: 		0.391 seconds
		Global illumination init time: 	0.009 seconds
		Assemblies load time: 			0.836 seconds
		Unity extensions init time: 	0.046 seconds
		Asset Database refresh time: 	6.926 seconds
	Scene opening time: 			1.155 seconds
##utp:{"type":"ProjectInfo","version":2,"phase":"Immediate","time":1784407243735,"processId":39036,"projectLoad":14.6222943,"projectInit":13.0634846,"templateInit":0.0,"packageManagerInit":3.0323789,"assetDatabaseInit":0.3914851,"globalIlluminationInit":0.0091135,"assembliesLoad":0.8358086,"unityExtensionsInit":0.0462396,"assetDatabaseRefresh":6.9259603,"sceneOpening":1.1545875}
##utp:{"type":"EditorInfo","version":2,"phase":"Immediate","time":1784407243735,"processId":39036,"editorVersion":"6000.5.3f1 (c2eb47b3a2a9)","branch":"6000.5/staging","buildType":"Release","platform":"Windows"}
Worker ready: AssetImportWorkerHW0 0
Asset Pipeline Refresh (id=e846cc984f93de6428b5edfac1f458e8): Total: 0.134 seconds - Initiated by RefreshV2(AllowForceSynchronousImport)
Start Indexing on Editor startup
[Indexing] Starting Initial Indexing for Assets
Created GICache directory at C:/Users/SANDERB7/AppData/LocalLow/Unity/Caches/GiCache. Took: 0.019s, timestamps: [15.440 - 15.459]
[Licensing::Client] Successfully resolved entitlement details
[Licensing::Client] Successfully resolved entitlement details
[Licensing::Client] Successfully resolved entitlement details
The Microsoft GDK package is not installed. The selected store is FakeStore.
UnityEngine.Debug:ExtractStackTraceNoAlloc (byte*,int,string)
UnityEngine.StackTraceUtility:ExtractStackTrace ()
UnityEngine.DebugLogHandler:Internal_Log (UnityEngine.LogType,UnityEngine.LogOption,string,UnityEngine.Object)
UnityEngine.DebugLogHandler:LogFormat (UnityEngine.LogType,UnityEngine.Object,string,object[])
UnityEngine.Logger:Log (UnityEngine.LogType,object)
UnityEngine.Debug:Log (object)
UnityEditor.PurchasingImporter:PromptGdkPackageInstall () (at ./Library/PackageCache/com.unity.purchasing@db17cc2e78b3/Editor/Importer.cs:99)
UnityEditor.PurchasingImporter:Update () (at ./Library/PackageCache/com.unity.purchasing@db17cc2e78b3/Editor/Importer.cs:61)
UnityEditor.EditorApplication:Internal_CallUpdateFunctions ()

(Filename: ./Library/PackageCache/com.unity.purchasing@db17cc2e78b3/Editor/Importer.cs Line: 99)

[Licensing::Client] Successfully resolved entitlement details
[Licensing::Client] Successfully updated the access token
[Licensing::Module] Successfully updated access token: "cz30mCjm"... (expires: 2026-07-18T21:43:58Z)
TrimDiskCacheJob: Current cache size 5601mb
[Licensing::Client] Successfully resolved entitlement details
[Licensing::Client] Successfully resolved entitlement details
[Licensing::Client] Successfully resolved entitlement details
[Licensing::Client] Successfully resolved entitlement details
[Licensing::Client] Successfully resolved entitlement details
[Licensing::Client] Successfully resolved entitlement details
[Licensing::Client] Successfully resolved entitlement details
[Licensing::Client] Successfully resolved entitlement details
[Licensing::Client] Successfully resolved entitlement details
[Licensing::Client] Successfully resolved entitlement details
[Licensing::Client] Successfully resolved entitlement details
[Licensing::Client] Successfully resolved entitlement details
[Licensing::Client] Successfully resolved entitlement details
[Licensing::Client] Successfully resolved entitlement details
Asset Pipeline Refresh (id=e84cfe337f568504bb8bc7f3160d0db8): Total: 0.022 seconds - Initiated by RefreshV2(AllowForceSynchronousImport)
[Licensing::Client] Successfully resolved entitlement details
Starting new worker id: 1 with log in C:/GITHUBProjects/VCL_V6/Logs/AssetImportWorkerHW1.log
Opening scene 'Assets/Scenes/TestLab.unity'
LightingSettings: switching bake backend from 2 to 1.
Unloading 50 Unused Serialized files (Serialized files now loaded: 0)
Loaded scene 'Assets/Scenes/TestLab.unity'
	Deserialize:            36.119 ms
	Integration:            306.418 ms
	Integration of assets:  3.292 ms
	Thread Wait Time:       0.127 ms
	Total Operation Time:   345.955 ms
[Worker0] Imported GUID: acb62c301e552604da7a428e48e9e594 - Path: Assets/Scenes/TestLab.unity - Importer: PreviewImporter -> (ImportResultId: '5e50df6ef28769963f82c0e0f039b11f') in 0.0210256 seconds
Unloading 94 unused Assets / (18.7 MB). Loaded Objects now: 13022.
Memory consumption went from 0.72 GB to 0.70 GB.
Total: 25.894500 ms (FindLiveObjects: 0.705200 ms CreateObjectMapping: 1.568300 ms MarkObjects: 17.654700 ms  DeleteObjects: 5.964400 ms)

Worker ready: AssetImportWorkerHW1 1
Asset Pipeline Refresh (id=7fa4d241bc052564faaf9ae33faae4c0): Total: 0.026 seconds - Initiated by RefreshV2(AllowForceSynchronousImport)
Asset Pipeline Refresh (id=44e2dd517f636e64887277abc1655a65): Total: 0.023 seconds - Initiated by RefreshV2(AllowForceSynchronousImport)
Asset Pipeline Refresh (id=afc4e46e5497e9846a32348cd7a6b901): Total: 0.018 seconds - Initiated by RefreshV2(AllowForceSynchronousImport)
Asset Pipeline Refresh (id=7e8411fee056e884aa26e8b94d6355f8): Total: 0.017 seconds - Initiated by RefreshV2(AllowForceSynchronousImport)
Asset Pipeline Refresh (id=52dc7d14b3e31ca4681ed22ce842695d): Total: 0.017 seconds - Initiated by RefreshV2(AllowForceSynchronousImport)
MonoPathRemapper: Attempts to remap: 46924; Successful remaps: 10
Serialized file version minimum: 21, current 23
[LAYOUT] About to save layout C:\GITHUBProjects\VCL_V6\UserSettings\Layouts\default-6000.dwlt
[LAYOUT] About to save layout C:/Users/SANDERB7/AppData/Roaming/Unity/Editor-5.x/Preferences\Layouts\current\default-6000.dwlt
AcceleratorClientConnectionCallback - disconnected - :0
Importing 'GUID: 00000000000000004000000000000000 - Path: ProjectSettings/ProjectSettings.asset' with importer (LibraryAssetImporter)
Imported 'GUID: 00000000000000004000000000000000' -> (Import Result ID: '9d55641b8330bf1d5e63413cccb12dde') in 0.007 seconds [static dependencies only]. Details - ImportResultOutputID=276a810dac73e1f29404d5e5f692e214 DependenciesID=ef26e7d5de2d591eefa1201ad1b376ca StaticDependenciesID=e3298f3cac530993e30d126b52505089 
Refreshing native plugins compatible for Editor in 32.85 ms, found 3 plugins.

Asset Pipeline Refresh (id=d86d671ebfaf2f6439cf0a5736331433): Total: 0.326 seconds - Initiated by StopAssetImportingV2(NoUpdateAssetOptions)
	(Values over 0.05ms)
	Summary:
		Imports: total=1 (actual=1, local cache=0, cache server=0)
		Asset DB Process Time: managed=2 ms, native=135 ms
		Asset DB Callback time: managed=112 ms, native=75 ms
		Scripting: domain reloads=0, domain reload time=0 ms, compile time=0 ms, other=0 ms
		Project Asset Count: scripts=1911, non-scripts=4440
		Asset File Changes: new=0, changed=1, moved=0, deleted=0
		Scan Filter Count: 1
	ApplyChangesToAssetFolders: 0.146ms
	Scan: 15.636ms
	Collect global state as custom dependencies: 0.091ms
	OnSourceAssetsModified: 1.171ms
	ProcessAssetsWithTransientArtifactChanges: 0.158ms
	CategorizeAssets: 25.368ms
	ImportOutOfDateAssets: 86.449ms (15.209ms without children)
		ImportManagerImport: 10.672ms (0.840ms without children)
		ReloadNativeAssets: 0.126ms
		UnloadImportedAssets: 0.239ms
		ReloadImportedAssets: 0.664ms
		EnsureUptoDateAssetsAreRegisteredWithGuidPM: 1.070ms
		ImportSchedulerStart: 59.128ms
	PostProcessAllAssets: 152.705ms
		XRBuildSystem.XRAssetImported 40.078ms
		MonoPostProcessAllAssets: 111.920ms
			AssetPostprocessor.OnPostprocessAllAssets 86.716ms
			ShaderGraphAssetPostProcessor.OnPostprocessAllAssets 2.612ms
			SpriteSlicePostprocessor.OnPostprocessAllAssets 2.492ms
			PackageManagerResolver.OnPostprocessAllAssets 1.957ms
			RetainedModeAssetPostprocessor.OnPostprocessAllAssets 1.885ms
			BuilderAssetPostprocessor.OnPostprocessAllAssets 1.167ms
			MaterialPostprocessor.OnPostprocessAllAssets 0.978ms
			ArtifactBrowserPostProcessor.OnPostprocessAllAssets 0.782ms
			TextAssetPostProcessor.OnPostprocessAllAssets 0.742ms
			UVCSAssetPostprocessor.OnPostprocessAllAssets 0.683ms
			SyncVS.PostprocessSyncProject 0.655ms
			PlayServicesResolver.OnPostprocessAllAssets 0.654ms
			InputActionJsonNameModifierAssetProcessor.OnPostprocessAllAssets 0.613ms
			SpriteEditorTexturePostprocessor.OnPostprocessAllAssets 0.613ms
			TMPro_TexturePostProcessor.OnPostprocessAllAssets 0.553ms
			IOSResolver.OnPostprocessAllAssets 0.527ms
			VersionHandlerImpl.OnPostprocessAllAssets 0.429ms
			AssetProcessor.OnPostprocessAllAssets 0.395ms
			AudioMixerPostprocessor.OnPostprocessAllAssets 0.322ms
			SpeedTreePostProcessor.OnPostprocessAllAssets 0.319ms
			PostProcessor.OnPostprocessAllAssets 0.318ms
			ConfigAssetsTracker.OnPostprocessAllAssets 0.318ms
			AssetChangedListener.OnPostprocessAllAssets 0.305ms
			SampleDependencyImporterPostProcessor.OnPostprocessAllAssets 0.213ms
			StyleCatalogPostProcessor.OnPostprocessAllAssets 0.203ms
			ScenarioDriftAssetsTracker.OnPostprocessAllAssets 0.189ms
			AssetEvents.OnPostprocessAllAssets 0.179ms
			AudioContainerPostProcessor.OnPostprocessAllAssets 0.173ms
			RenderPipelineGlobalSettingsPostprocessor.OnPostprocessAllAssets 0.155ms
			SamplePostprocessor.OnPostprocessAllAssets 0.146ms
	PostAssetChangesProfiler: 34.887ms
	GatherAllCurrentPrimaryImportResultRevisions: 0.481ms
	UnloadStreamsBegin: 0.589ms
	PersistCurrentRevisions: 0.660ms
	Untracked: 6.285ms

Input System module state changed to: ShutdownInProgress.
Input Polling Thread exited.
Input System module state changed to: Shutdown.
[Physics::Module] Cleanup current backend.
[Physics::Module] Id: 0xf2b8ea05
[Licensing::IpcConnector] LicenseClient-SANDERB7-6000.5.3-notifications channel disconnected successfully.
[Licensing::IpcConnector] LicenseClient-SANDERB7-6000.5.3 channel disconnected successfully.
Shut down.
AcceleratorClientConnectionCallback - disconnected - :0
Cleanup mono
CodeReloadManager destroyed
abort_threads: Failed aborting id: 000000000000BF6C, mono_thread_manage will ignore it

abort_threads: Failed aborting id: 000000000000BF6C, mono_thread_manage will ignore it

debugger-agent: Unable to listen on 4372
Checking for leaked weakptr:
  Found no leaked weakptrs.
[Package Manager] Server process was shutdown
##utp:{"type":"MemoryLeaks","version":2,"phase":"Immediate","time":1784407662004,"processId":39036,"allocatedMemory":55916532,"memoryLabels":[{"Default":236954},{"Permanent":15516},{"NewDelete":67233},{"Thread":4197560},{"Manager":823493},{"VertexData":8},{"Geometry":816},{"Texture":24},{"Shader":855414},{"Material":24},{"GfxDevice":55328},{"Animation":952},{"Audio":1544},{"FreeType":8},{"FontEngine":736},{"Physics":2146},{"Physics2D":16},{"Serialization":107520},{"Input":45280},{"JobScheduler":256},{"TextLib":56518},{"Mono":48},{"MonoCode":64},{"ScriptingNativeRuntime":1619000},{"BaseObject":1677193},{"Resource":1208},{"Renderer":3080},{"Transform":4685},{"File":60572},{"WebCam":616},{"Culling":32},{"Terrain":11442},{"Wind":24},{"STL":40},{"String":9830},{"StaticString":3808},{"Utility":2674514},{"Curl":48},{"PoolAlloc":2360},{"AI":80},{"TypeTree":14869},{"CodeReload":448},{"RuntimeInitializeOnLoadManager":64},{"Sprites":102},{"SpriteAtlas":120},{"GI":7816},{"Director":8296},{"CloudService":7240},{"WebRequest":6544},{"VR":47114},{"SceneManager":608},{"Video":208},{"LazyScriptCache":32},{"NativeArray":33157884},{"Camera":17},{"Secure":265},{"SerializationCache":1576},{"APIUpdating":10320},{"Subsystems":336},{"VirtualTexturing":57888},{"StaticSafetyDebugInfo":278528},{"Analytics":552},{"Hierarchy":1176},{"UIElements":442232},{"CoreStats":13688},{"Identifiers":6768},{"Gui":367},{"EditorUtility":278829},{"VersionControl":8},{"Undo":931},{"AssetDatabase":8983353},{"AssetImporter":40},{"EditorGi":328},{"UnityConnect":35337},{"Upm":1988},{"UpmDiagnostics":8},{"AssetCompliance":64},{"DrivenProperties":72},{"LocalIPC":214},{"ProfilerEditor":9746},{"CoreBusinessMetrics":3486},{"Windowing":456},{"Licensing":664},{"AssetReference":32},{"IPCStream":32}]}
