[2026-07-18T20:47:43.636Z][INFO] Command-line: 'C:\\Program Files\\Unity\\Hub\\Editor\\6000.5.3f1\\Editor\\Data\\Resources\\PackageManager\\Server\\UnityPackageManager.exe' server -s 37760 --ipc-path Unity-Upm-37760 -l 2 --log-file C:\\GITHUBProjects\\VCL_V6/Logs/upm.log
[2026-07-18T20:47:43.682Z][INFO] IPC server started (IPC path=Unity-Upm-37760).
[2026-07-18T20:47:43.682Z][INFO] Hint: To connect to this UPM instance, launch Unity with the command-line parameter -upmIpcPath Upm-37760.
[2026-07-18T20:47:47.781Z][INFO] project:list-packages <-- Request received
params: {}
[2026-07-18T20:47:47.901Z][INFO] project:list-packages <-- Request received
params: {}
[2026-07-18T20:47:47.947Z][INFO] config:project:get-registries <-- Request received
params: {}
[2026-07-18T20:47:47.960Z][INFO] config:project:get-registries --> 200 (13 ms)
[2026-07-18T20:47:48.035Z][INFO] project:list-packages --> 200 (255 ms)
[2026-07-18T20:47:48.272Z][INFO] project:list-packages --> 200 (371 ms)
[2026-07-18T20:48:38.487Z][INFO] project:list-packages <-- Request received
params: {}
[2026-07-18T20:48:38.498Z][INFO] project:list-packages <-- Request received
params: {}
[2026-07-18T20:48:38.751Z][INFO] project:list-packages --> 200 (253 ms)
[2026-07-18T20:48:38.752Z][INFO] project:list-packages --> 200 (265 ms)
[2026-07-18T20:48:40.592Z][INFO] project:list-packages <-- Request received
params: {}
[2026-07-18T20:48:40.625Z][INFO] project:list-packages <-- Request received
params: {}
[2026-07-18T20:48:40.840Z][INFO] project:list-packages --> 200 (247 ms)
[2026-07-18T20:48:40.958Z][INFO] config:project:get-registries <-- Request received
params: {}
[2026-07-18T20:48:40.963Z][INFO] config:project:get-registries --> 200 (5 ms)
[2026-07-18T20:48:41.957Z][INFO] project:list-packages --> 200 (1332 ms)
[2026-07-18T20:48:45.796Z][INFO] packages:get-packageinfo <-- Request received
params: {
  "packageId": "com.unity.collab-proxy"
}
[2026-07-18T20:48:45.834Z][INFO] packages:get-packageinfo --> 200 (37 ms)
[2026-07-18T20:48:52.175Z][INFO] project:list-packages <-- Request received
params: {}
[2026-07-18T20:48:52.313Z][INFO] project:list-packages --> 200 (138 ms)
[2026-07-18T20:49:42.682Z][INFO] project:list-packages <-- Request received
params: {}
[2026-07-18T20:49:42.792Z][INFO] project:list-packages --> 200 (110 ms)
[2026-07-18T20:49:43.142Z][INFO] project:list-packages <-- Request received
params: {}
[2026-07-18T20:49:43.156Z][INFO] project:list-packages <-- Request received
params: {}
[2026-07-18T20:49:43.292Z][INFO] project:list-packages --> 200 (150 ms)
[2026-07-18T20:49:43.298Z][INFO] config:project:get-registries <-- Request received
params: {}
[2026-07-18T20:49:43.319Z][INFO] config:project:get-registries --> 200 (21 ms)
[2026-07-18T20:49:44.058Z][INFO] project:list-packages --> 200 (902 ms)
[2026-07-18T20:53:19.100Z][INFO] project:list-packages <-- Request received
params: {}
[2026-07-18T20:53:19.268Z][INFO] project:list-packages --> 200 (168 ms)
[2026-07-18T20:53:19.395Z][INFO] project:list-packages <-- Request received
params: {}
[2026-07-18T20:53:19.412Z][INFO] project:list-packages <-- Request received
params: {}
[2026-07-18T20:53:19.560Z][INFO] config:project:get-registries <-- Request received
params: {}
[2026-07-18T20:53:19.566Z][INFO] project:list-packages --> 200 (171 ms)
[2026-07-18T20:53:19.567Z][INFO] config:project:get-registries --> 200 (7 ms)
[2026-07-18T20:53:20.478Z][INFO] project:list-packages --> 200 (1066 ms)
[2026-07-18T20:53:27.044Z][INFO] project:list-packages <-- Request received
params: {}
[2026-07-18T20:53:27.168Z][INFO] project:list-packages --> 200 (124 ms)
[2026-07-18T20:53:27.296Z][INFO] project:list-packages <-- Request received
params: {}
[2026-07-18T20:53:27.326Z][INFO] project:list-packages <-- Request received
params: {}
[2026-07-18T20:53:27.482Z][INFO] config:project:get-registries <-- Request received
params: {}
[2026-07-18T20:53:27.493Z][INFO] config:project:get-registries --> 200 (11 ms)
[2026-07-18T20:53:27.543Z][INFO] project:list-packages --> 200 (247 ms)
[2026-07-18T20:53:27.570Z][INFO] project:list-packages --> 200 (244 ms)
[2026-07-18T20:54:29.791Z][INFO] project:list-packages <-- Request received
params: {}
[2026-07-18T20:54:29.947Z][INFO] project:list-packages --> 200 (155 ms)
[2026-07-18T20:54:30.088Z][INFO] project:list-packages <-- Request received
params: {}
[2026-07-18T20:54:30.102Z][INFO] project:list-packages <-- Request received
params: {}
[2026-07-18T20:54:30.271Z][INFO] config:project:get-registries <-- Request received
params: {}
[2026-07-18T20:54:30.287Z][INFO] config:project:get-registries --> 200 (16 ms)
[2026-07-18T20:54:30.369Z][INFO] project:list-packages --> 200 (281 ms)
[2026-07-18T20:54:31.671Z][INFO] project:list-packages --> 200 (1569 ms)
[2026-07-18T20:54:34.759Z][INFO] project:list-packages <-- Request received
params: {}
[2026-07-18T20:54:34.876Z][INFO] project:list-packages --> 200 (117 ms)
[2026-07-18T20:54:35.024Z][INFO] project:list-packages <-- Request received
params: {}
[2026-07-18T20:54:35.050Z][INFO] project:list-packages <-- Request received
params: {}
[2026-07-18T20:54:35.227Z][INFO] config:project:get-registries <-- Request received
params: {}
[2026-07-18T20:54:35.262Z][INFO] project:list-packages --> 200 (238 ms)
[2026-07-18T20:54:35.265Z][INFO] config:project:get-registries --> 200 (38 ms)
[2026-07-18T20:54:35.286Z][INFO] project:list-packages --> 200 (236 ms)
[2026-07-18T20:54:45.100Z][INFO] project:list-packages <-- Request received
params: {}
[2026-07-18T20:54:45.221Z][INFO] project:list-packages --> 200 (121 ms)
[2026-07-18T20:54:45.380Z][INFO] project:list-packages <-- Request received
params: {}
[2026-07-18T20:54:45.390Z][INFO] project:list-packages <-- Request received
params: {}
[2026-07-18T20:54:45.558Z][INFO] config:project:get-registries <-- Request received
params: {}
[2026-07-18T20:54:45.566Z][INFO] config:project:get-registries --> 200 (8 ms)
[2026-07-18T20:54:45.627Z][INFO] project:list-packages --> 200 (247 ms)
[2026-07-18T20:54:45.638Z][INFO] project:list-packages --> 200 (248 ms)
[2026-07-18T20:55:52.178Z][INFO] project:list-packages <-- Request received
params: {}
[2026-07-18T20:55:52.337Z][INFO] project:list-packages --> 200 (159 ms)
[2026-07-18T20:55:52.435Z][INFO] project:list-packages <-- Request received
params: {}
[2026-07-18T20:55:52.464Z][INFO] project:list-packages <-- Request received
params: {}
[2026-07-18T20:55:52.604Z][INFO] config:project:get-registries <-- Request received
params: {}
[2026-07-18T20:55:52.679Z][INFO] config:project:get-registries --> 200 (75 ms)
[2026-07-18T20:55:52.682Z][INFO] project:list-packages --> 200 (247 ms)
[2026-07-18T20:55:53.490Z][INFO] project:list-packages --> 200 (1026 ms)
[2026-07-18T20:55:57.131Z][INFO] project:list-packages <-- Request received
params: {}
[2026-07-18T20:55:57.252Z][INFO] project:list-packages --> 200 (121 ms)
[2026-07-18T20:55:57.392Z][INFO] project:list-packages <-- Request received
params: {}
[2026-07-18T20:55:57.409Z][INFO] project:list-packages <-- Request received
params: {}
[2026-07-18T20:55:57.549Z][INFO] config:project:get-registries <-- Request received
params: {}
[2026-07-18T20:55:57.589Z][INFO] config:project:get-registries --> 200 (40 ms)
[2026-07-18T20:55:57.592Z][INFO] project:list-packages --> 200 (200 ms)
[2026-07-18T20:55:57.614Z][INFO] project:list-packages --> 200 (205 ms)
[2026-07-18T20:57:53.178Z][INFO] project:list-packages <-- Request received
params: {}
[2026-07-18T20:57:53.332Z][INFO] project:list-packages --> 200 (154 ms)
[2026-07-18T20:57:53.454Z][INFO] project:list-packages <-- Request received
params: {}
[2026-07-18T20:57:53.485Z][INFO] project:list-packages <-- Request received
params: {}
[2026-07-18T20:57:53.652Z][INFO] config:project:get-registries <-- Request received
params: {}
[2026-07-18T20:57:53.736Z][INFO] config:project:get-registries --> 200 (84 ms)
[2026-07-18T20:57:53.740Z][INFO] project:list-packages --> 200 (286 ms)
[2026-07-18T20:57:54.767Z][INFO] project:list-packages --> 200 (1282 ms)
[2026-07-18T20:57:58.661Z][INFO] project:list-packages <-- Request received
params: {}
[2026-07-18T20:57:58.773Z][INFO] project:list-packages --> 200 (112 ms)
[2026-07-18T20:57:58.931Z][INFO] project:list-packages <-- Request received
params: {}
[2026-07-18T20:57:58.961Z][INFO] project:list-packages <-- Request received
params: {}
[2026-07-18T20:57:59.130Z][INFO] config:project:get-registries <-- Request received
params: {}
[2026-07-18T20:57:59.151Z][INFO] project:list-packages --> 200 (220 ms)
[2026-07-18T20:57:59.152Z][INFO] config:project:get-registries --> 200 (22 ms)
[2026-07-18T20:57:59.207Z][INFO] project:list-packages --> 200 (246 ms)
[2026-07-18T20:59:05.806Z][INFO] project:list-packages <-- Request received
params: {}
[2026-07-18T20:59:05.942Z][INFO] project:list-packages --> 200 (136 ms)
[2026-07-18T20:59:06.058Z][INFO] project:list-packages <-- Request received
params: {}
[2026-07-18T20:59:06.085Z][INFO] project:list-packages <-- Request received
params: {}
[2026-07-18T20:59:06.227Z][INFO] project:list-packages --> 200 (169 ms)
[2026-07-18T20:59:06.258Z][INFO] config:project:get-registries <-- Request received
params: {}
[2026-07-18T20:59:06.265Z][INFO] config:project:get-registries --> 200 (7 ms)
[2026-07-18T20:59:07.282Z][INFO] project:list-packages --> 200 (1197 ms)
[2026-07-18T20:59:10.429Z][INFO] project:list-packages <-- Request received
params: {}
[2026-07-18T20:59:10.540Z][INFO] project:list-packages --> 200 (111 ms)
[2026-07-18T20:59:10.672Z][INFO] project:list-packages <-- Request received
params: {}
[2026-07-18T20:59:10.702Z][INFO] project:list-packages <-- Request received
params: {}
[2026-07-18T20:59:10.838Z][INFO] config:project:get-registries <-- Request received
params: {}
[2026-07-18T20:59:10.855Z][INFO] project:list-packages --> 200 (183 ms)
[2026-07-18T20:59:10.870Z][INFO] config:project:get-registries --> 200 (32 ms)
[2026-07-18T20:59:10.895Z][INFO] project:list-packages --> 200 (194 ms)
[2026-07-18T21:06:43.319Z][INFO] project:list-packages <-- Request received
params: {}
[2026-07-18T21:06:43.453Z][INFO] project:list-packages --> 200 (134 ms)
[2026-07-18T21:06:43.608Z][INFO] project:list-packages <-- Request received
params: {}
[2026-07-18T21:06:43.628Z][INFO] project:list-packages <-- Request received
params: {}
[2026-07-18T21:06:43.843Z][INFO] project:list-packages --> 200 (235 ms)
[2026-07-18T21:06:43.844Z][INFO] config:project:get-registries <-- Request received
params: {}
[2026-07-18T21:06:43.872Z][INFO] config:project:get-registries --> 200 (28 ms)
[2026-07-18T21:06:44.643Z][INFO] project:list-packages --> 200 (1015 ms)
[2026-07-18T21:06:49.254Z][INFO] project:list-packages <-- Request received
params: {}
[2026-07-18T21:06:49.368Z][INFO] project:list-packages --> 200 (114 ms)
[2026-07-18T21:06:49.512Z][INFO] project:list-packages <-- Request received
params: {}
[2026-07-18T21:06:49.530Z][INFO] project:list-packages <-- Request received
params: {}
[2026-07-18T21:06:49.677Z][INFO] config:project:get-registries <-- Request received
params: {}
[2026-07-18T21:06:49.720Z][INFO] config:project:get-registries --> 200 (43 ms)
[2026-07-18T21:06:49.722Z][INFO] project:list-packages --> 200 (210 ms)
[2026-07-18T21:06:49.744Z][INFO] project:list-packages --> 200 (214 ms)
[2026-07-18T21:07:38.169Z][INFO] project:list-packages <-- Request received
params: {}
[2026-07-18T21:07:38.337Z][INFO] project:list-packages --> 200 (168 ms)
[2026-07-18T21:07:38.453Z][INFO] project:list-packages <-- Request received
params: {}
[2026-07-18T21:07:38.484Z][INFO] project:list-packages <-- Request received
params: {}
[2026-07-18T21:07:38.616Z][INFO] project:list-packages --> 200 (163 ms)
[2026-07-18T21:07:38.659Z][INFO] config:project:get-registries <-- Request received
params: {}
[2026-07-18T21:07:38.670Z][INFO] config:project:get-registries --> 200 (11 ms)
[2026-07-18T21:07:39.706Z][INFO] project:list-packages --> 200 (1222 ms)
[2026-07-18T21:07:59.864Z][INFO] project:list-packages <-- Request received
params: {}
[2026-07-18T21:07:59.972Z][INFO] project:list-packages --> 200 (108 ms)
[2026-07-18T21:08:00.111Z][INFO] project:list-packages <-- Request received
params: {}
[2026-07-18T21:08:00.139Z][INFO] project:list-packages <-- Request received
params: {}
[2026-07-18T21:08:00.289Z][INFO] config:project:get-registries <-- Request received
params: {}
[2026-07-18T21:08:00.314Z][INFO] project:list-packages --> 200 (203 ms)
[2026-07-18T21:08:00.318Z][INFO] config:project:get-registries --> 200 (29 ms)
[2026-07-18T21:08:00.340Z][INFO] project:list-packages --> 200 (201 ms)
[2026-07-18T21:11:57.010Z][INFO] project:list-packages <-- Request received
params: {}
[2026-07-18T21:11:57.148Z][INFO] project:list-packages --> 200 (138 ms)
[2026-07-18T21:11:57.260Z][INFO] project:list-packages <-- Request received
params: {}
[2026-07-18T21:11:57.291Z][INFO] project:list-packages <-- Request received
params: {}
[2026-07-18T21:11:57.408Z][INFO] project:list-packages --> 200 (148 ms)
[2026-07-18T21:11:57.426Z][INFO] config:project:get-registries <-- Request received
params: {}
[2026-07-18T21:11:57.429Z][INFO] config:project:get-registries --> 200 (4 ms)
[2026-07-18T21:11:58.546Z][INFO] project:list-packages --> 200 (1255 ms)
[2026-07-18T21:13:19.897Z][INFO] project:list-packages <-- Request received
params: {}
[2026-07-18T21:13:20.015Z][INFO] project:list-packages --> 200 (119 ms)
[2026-07-18T21:13:20.159Z][INFO] project:list-packages <-- Request received
params: {}
[2026-07-18T21:13:20.189Z][INFO] project:list-packages <-- Request received
params: {}
[2026-07-18T21:13:20.331Z][INFO] project:list-packages --> 200 (172 ms)
[2026-07-18T21:13:20.333Z][INFO] config:project:get-registries <-- Request received
params: {}
[2026-07-18T21:13:20.337Z][INFO] config:project:get-registries --> 200 (4 ms)
[2026-07-18T21:13:21.141Z][INFO] project:list-packages --> 200 (952 ms)
[2026-07-18T21:26:34.019Z][INFO] project:list-packages <-- Request received
params: {}
[2026-07-18T21:26:34.141Z][INFO] project:list-packages --> 200 (122 ms)
[2026-07-18T21:26:34.274Z][INFO] project:list-packages <-- Request received
params: {}
[2026-07-18T21:26:34.289Z][INFO] project:list-packages <-- Request received
params: {}
[2026-07-18T21:26:34.425Z][INFO] project:list-packages --> 200 (151 ms)
[2026-07-18T21:26:34.447Z][INFO] config:project:get-registries <-- Request received
params: {}
[2026-07-18T21:26:34.451Z][INFO] config:project:get-registries --> 200 (4 ms)
[2026-07-18T21:26:35.315Z][INFO] project:list-packages --> 200 (1026 ms)
[2026-07-18T21:31:54.888Z][INFO] project:list-packages <-- Request received
params: {}
[2026-07-18T21:31:55.032Z][INFO] project:list-packages --> 200 (144 ms)
[2026-07-18T21:31:55.134Z][INFO] project:list-packages <-- Request received
params: {}
[2026-07-18T21:31:55.166Z][INFO] project:list-packages <-- Request received
params: {}
[2026-07-18T21:31:55.291Z][INFO] project:list-packages --> 200 (157 ms)
[2026-07-18T21:31:55.312Z][INFO] config:project:get-registries <-- Request received
params: {}
[2026-07-18T21:31:55.315Z][INFO] config:project:get-registries --> 200 (3 ms)
[2026-07-18T21:31:56.182Z][INFO] project:list-packages --> 200 (1016 ms)
[2026-07-18T21:37:58.384Z][INFO] project:list-packages <-- Request received
params: {}
[2026-07-18T21:37:58.509Z][INFO] project:list-packages --> 200 (125 ms)
[2026-07-18T21:37:58.647Z][INFO] project:list-packages <-- Request received
params: {}
[2026-07-18T21:37:58.673Z][INFO] project:list-packages <-- Request received
params: {}
[2026-07-18T21:37:58.801Z][INFO] project:list-packages --> 200 (154 ms)
[2026-07-18T21:37:58.807Z][INFO] config:project:get-registries <-- Request received
params: {}
[2026-07-18T21:37:58.810Z][INFO] config:project:get-registries --> 200 (3 ms)
[2026-07-18T21:38:00.011Z][INFO] project:list-packages --> 200 (1338 ms)
[2026-07-18T21:38:26.215Z][INFO] project:list-packages <-- Request received
params: {}
[2026-07-18T21:38:26.341Z][INFO] project:list-packages --> 200 (126 ms)
[2026-07-18T21:38:26.484Z][INFO] project:list-packages <-- Request received
params: {}
[2026-07-18T21:38:26.511Z][INFO] project:list-packages <-- Request received
params: {}
[2026-07-18T21:38:26.672Z][INFO] config:project:get-registries <-- Request received
params: {}
[2026-07-18T21:38:26.682Z][INFO] config:project:get-registries --> 200 (10 ms)
[2026-07-18T21:38:26.730Z][INFO] project:list-packages --> 200 (246 ms)
[2026-07-18T21:38:26.754Z][INFO] project:list-packages --> 200 (242 ms)
[2026-07-18T21:39:05.326Z][INFO] project:list-packages <-- Request received
params: {}
[2026-07-18T21:39:05.540Z][INFO] project:list-packages --> 200 (214 ms)
[2026-07-18T21:39:05.654Z][INFO] project:list-packages <-- Request received
params: {}
[2026-07-18T21:39:05.683Z][INFO] project:list-packages <-- Request received
params: {}
[2026-07-18T21:39:05.865Z][INFO] config:project:get-registries <-- Request received
params: {}
[2026-07-18T21:39:05.891Z][INFO] config:project:get-registries --> 200 (26 ms)
[2026-07-18T21:39:05.997Z][INFO] project:list-packages --> 200 (343 ms)
[2026-07-18T21:39:06.865Z][INFO] project:list-packages --> 200 (1182 ms)
[2026-07-18T21:44:50.319Z][INFO] project:list-packages <-- Request received
params: {}
[2026-07-18T21:44:50.439Z][INFO] project:list-packages --> 200 (120 ms)
[2026-07-18T21:44:50.584Z][INFO] project:list-packages <-- Request received
params: {}
[2026-07-18T21:44:50.614Z][INFO] project:list-packages <-- Request received
params: {}
[2026-07-18T21:44:50.755Z][INFO] config:project:get-registries <-- Request received
params: {}
[2026-07-18T21:44:50.758Z][INFO] project:list-packages --> 200 (174 ms)
[2026-07-18T21:44:50.763Z][INFO] config:project:get-registries --> 200 (8 ms)
[2026-07-18T21:44:51.624Z][INFO] project:list-packages --> 200 (1010 ms)
[2026-07-18T21:44:54.709Z][INFO] project:list-packages <-- Request received
params: {}
[2026-07-18T21:44:54.824Z][INFO] project:list-packages --> 200 (115 ms)
[2026-07-18T21:44:54.968Z][INFO] project:list-packages <-- Request received
params: {}
[2026-07-18T21:44:54.995Z][INFO] project:list-packages <-- Request received
params: {}
[2026-07-18T21:44:55.136Z][INFO] config:project:get-registries <-- Request received
params: {}
[2026-07-18T21:44:55.160Z][INFO] project:list-packages --> 200 (192 ms)
[2026-07-18T21:44:55.160Z][INFO] config:project:get-registries --> 200 (24 ms)
[2026-07-18T21:44:55.200Z][INFO] project:list-packages --> 200 (205 ms)
[2026-07-18T21:47:05.771Z][INFO] project:list-packages <-- Request received
params: {}
[2026-07-18T21:47:05.917Z][INFO] project:list-packages --> 200 (146 ms)
[2026-07-18T21:47:06.073Z][INFO] project:list-packages <-- Request received
params: {}
[2026-07-18T21:47:06.101Z][INFO] project:list-packages <-- Request received
params: {}
[2026-07-18T21:47:06.294Z][INFO] project:list-packages --> 200 (221 ms)
[2026-07-18T21:47:06.318Z][INFO] config:project:get-registries <-- Request received
params: {}
[2026-07-18T21:47:06.323Z][INFO] config:project:get-registries --> 200 (5 ms)
[2026-07-18T21:47:07.066Z][INFO] project:list-packages --> 200 (965 ms)
[2026-07-18T21:51:26.818Z][INFO] project:list-packages <-- Request received
params: {}
[2026-07-18T21:51:26.962Z][INFO] project:list-packages --> 200 (144 ms)
[2026-07-18T21:51:27.109Z][INFO] project:list-packages <-- Request received
params: {}
[2026-07-18T21:51:27.124Z][INFO] project:list-packages <-- Request received
params: {}
[2026-07-18T21:51:27.305Z][INFO] config:project:get-registries <-- Request received
params: {}
[2026-07-18T21:51:27.325Z][INFO] project:list-packages --> 200 (216 ms)
[2026-07-18T21:51:27.325Z][INFO] config:project:get-registries --> 200 (20 ms)
[2026-07-18T21:51:28.831Z][INFO] project:list-packages --> 200 (1707 ms)
[2026-07-18T22:46:14.671Z][INFO] project:list-packages <-- Request received
params: {}
[2026-07-18T22:46:14.840Z][INFO] project:list-packages --> 200 (169 ms)
[2026-07-18T22:46:14.995Z][INFO] project:list-packages <-- Request received
params: {}
[2026-07-18T22:46:15.025Z][INFO] project:list-packages <-- Request received
params: {}
[2026-07-18T22:46:15.166Z][INFO] project:list-packages --> 200 (171 ms)
[2026-07-18T22:46:15.184Z][INFO] config:project:get-registries <-- Request received
params: {}
[2026-07-18T22:46:15.209Z][INFO] config:project:get-registries --> 200 (25 ms)
[2026-07-18T22:46:15.992Z][INFO] project:list-packages --> 200 (967 ms)
[2026-07-18T22:48:52.885Z][INFO] project:list-packages <-- Request received
params: {}
[2026-07-18T22:48:53.015Z][INFO] project:list-packages --> 200 (130 ms)
[2026-07-18T22:48:53.156Z][INFO] project:list-packages <-- Request received
params: {}
[2026-07-18T22:48:53.173Z][INFO] project:list-packages <-- Request received
params: {}
[2026-07-18T22:48:53.309Z][INFO] project:list-packages --> 200 (153 ms)
[2026-07-18T22:48:53.321Z][INFO] config:project:get-registries <-- Request received
params: {}
[2026-07-18T22:48:53.325Z][INFO] config:project:get-registries --> 200 (4 ms)
[2026-07-18T22:48:54.454Z][INFO] project:list-packages --> 200 (1281 ms)
[2026-07-18T22:51:51.474Z][INFO] project:list-packages <-- Request received
params: {}
[2026-07-18T22:51:51.605Z][INFO] project:list-packages --> 200 (131 ms)
[2026-07-18T22:51:51.755Z][INFO] project:list-packages <-- Request received
params: {}
[2026-07-18T22:51:51.769Z][INFO] project:list-packages <-- Request received
params: {}
[2026-07-18T22:51:51.919Z][INFO] project:list-packages --> 200 (164 ms)
[2026-07-18T22:51:51.919Z][INFO] config:project:get-registries <-- Request received
params: {}
[2026-07-18T22:51:51.923Z][INFO] config:project:get-registries --> 200 (4 ms)
[2026-07-18T22:51:52.701Z][INFO] project:list-packages --> 200 (932 ms)
[2026-07-18T22:51:56.187Z][INFO] project:list-packages <-- Request received
params: {}
[2026-07-18T22:51:56.307Z][INFO] project:list-packages --> 200 (120 ms)
[2026-07-18T22:51:56.458Z][INFO] project:list-packages <-- Request received
params: {}
[2026-07-18T22:51:56.476Z][INFO] project:list-packages <-- Request received
params: {}
[2026-07-18T22:51:56.630Z][INFO] config:project:get-registries <-- Request received
params: {}
[2026-07-18T22:51:56.667Z][INFO] project:list-packages --> 200 (209 ms)
[2026-07-18T22:51:56.670Z][INFO] config:project:get-registries --> 200 (40 ms)
[2026-07-18T22:51:56.692Z][INFO] project:list-packages --> 200 (217 ms)
